340  [main] DEBUG o.j.r.p.providers.DocumentProvider - Unable to retrieve config: expandEntityReferences defaults to true
352  [main] DEBUG o.j.r.p.providers.DocumentProvider - Unable to retrieve config: expandEntityReferences defaults to true
45048 [main] DEBUG o.a.h.i.c.BasicClientConnectionManager - Get connection for route {}->http://localhost:8080
45055 [main] DEBUG o.a.h.i.c.DefaultClientConnectionOperator - Connecting to localhost:8080
45072 [main] DEBUG o.a.h.c.protocol.RequestAddCookies - CookieSpec selected: default
45073 [main] DEBUG o.a.h.c.protocol.RequestAuthCache - Auth cache not set in the context
45074 [main] DEBUG o.a.h.c.p.RequestTargetAuthentication - Target auth state: UNCHALLENGED
45074 [main] DEBUG o.a.h.c.p.RequestProxyAuthentication - Proxy auth state: UNCHALLENGED
45074 [main] DEBUG o.a.h.impl.client.DefaultHttpClient - Attempt 1 to execute request
45074 [main] DEBUG o.a.h.i.c.DefaultClientConnection - Sending request: DELETE /album/delete/4000001 HTTP/1.1
45075 [main] DEBUG org.apache.http.wire -  >> "DELETE /album/delete/4000001 HTTP/1.1[\r][\n]"
45076 [main] DEBUG org.apache.http.wire -  >> "Accept-Encoding: gzip, deflate[\r][\n]"
45076 [main] DEBUG org.apache.http.wire -  >> "Accept: text/plain[\r][\n]"
45076 [main] DEBUG org.apache.http.wire -  >> "Content-Length: 0[\r][\n]"
45076 [main] DEBUG org.apache.http.wire -  >> "Host: localhost:8080[\r][\n]"
45076 [main] DEBUG org.apache.http.wire -  >> "Connection: Keep-Alive[\r][\n]"
45076 [main] DEBUG org.apache.http.wire -  >> "User-Agent: Apache-HttpClient/4.5.13 (Java/1.8.0_271)[\r][\n]"
45076 [main] DEBUG org.apache.http.wire -  >> "[\r][\n]"
45076 [main] DEBUG org.apache.http.headers - >> DELETE /album/delete/4000001 HTTP/1.1
45076 [main] DEBUG org.apache.http.headers - >> Accept-Encoding: gzip, deflate
45076 [main] DEBUG org.apache.http.headers - >> Accept: text/plain
45076 [main] DEBUG org.apache.http.headers - >> Content-Length: 0
45076 [main] DEBUG org.apache.http.headers - >> Host: localhost:8080
45076 [main] DEBUG org.apache.http.headers - >> Connection: Keep-Alive
45076 [main] DEBUG org.apache.http.headers - >> User-Agent: Apache-HttpClient/4.5.13 (Java/1.8.0_271)
46818 [main] DEBUG org.apache.http.wire -  << "HTTP/1.1 200 [\r][\n]"
46820 [main] DEBUG org.apache.http.wire -  << "Content-Type: text/plain[\r][\n]"
46820 [main] DEBUG org.apache.http.wire -  << "Content-Length: 33[\r][\n]"
46820 [main] DEBUG org.apache.http.wire -  << "Date: Fri, 12 Feb 2021 05:01:49 GMT[\r][\n]"
46820 [main] DEBUG org.apache.http.wire -  << "Keep-Alive: timeout=60[\r][\n]"
46820 [main] DEBUG org.apache.http.wire -  << "Connection: keep-alive[\r][\n]"
46820 [main] DEBUG org.apache.http.wire -  << "[\r][\n]"
46820 [main] DEBUG o.a.h.i.c.DefaultClientConnection - Receiving response: HTTP/1.1 200 
46820 [main] DEBUG org.apache.http.headers - << HTTP/1.1 200 
46820 [main] DEBUG org.apache.http.headers - << Content-Type: text/plain
46820 [main] DEBUG org.apache.http.headers - << Content-Length: 33
46821 [main] DEBUG org.apache.http.headers - << Date: Fri, 12 Feb 2021 05:01:49 GMT
46821 [main] DEBUG org.apache.http.headers - << Keep-Alive: timeout=60
46821 [main] DEBUG org.apache.http.headers - << Connection: keep-alive
46825 [main] DEBUG o.a.h.impl.client.DefaultHttpClient - Connection can be kept alive for 60000 MILLISECONDS
46842 [main] DEBUG org.apache.http.wire -  << "album with id 3 has been deleted!"
46842 [main] DEBUG o.a.h.i.c.BasicClientConnectionManager - Releasing connection org.apache.http.impl.conn.ManagedClientConnectionImpl@1eb5174b
46842 [main] DEBUG o.a.h.i.c.BasicClientConnectionManager - Connection can be kept alive for 60000 MILLISECONDS
77823 [main] DEBUG o.a.h.i.c.BasicClientConnectionManager - Get connection for route {}->http://localhost:8080
77824 [main] DEBUG o.a.h.impl.client.DefaultHttpClient - Stale connection check
77827 [main] DEBUG o.a.h.c.protocol.RequestAddCookies - CookieSpec selected: default
77827 [main] DEBUG o.a.h.c.protocol.RequestAuthCache - Auth cache not set in the context
77827 [main] DEBUG o.a.h.c.p.RequestTargetAuthentication - Target auth state: UNCHALLENGED
77827 [main] DEBUG o.a.h.c.p.RequestProxyAuthentication - Proxy auth state: UNCHALLENGED
77827 [main] DEBUG o.a.h.impl.client.DefaultHttpClient - Attempt 1 to execute request
77827 [main] DEBUG o.a.h.i.c.DefaultClientConnection - Sending request: DELETE /album/delete/3J779B HTTP/1.1
77827 [main] DEBUG org.apache.http.wire -  >> "DELETE /album/delete/3J779B HTTP/1.1[\r][\n]"
77827 [main] DEBUG org.apache.http.wire -  >> "Accept-Encoding: gzip, deflate[\r][\n]"
77827 [main] DEBUG org.apache.http.wire -  >> "Accept: text/plain[\r][\n]"
77828 [main] DEBUG org.apache.http.wire -  >> "Content-Length: 0[\r][\n]"
77828 [main] DEBUG org.apache.http.wire -  >> "Host: localhost:8080[\r][\n]"
77828 [main] DEBUG org.apache.http.wire -  >> "Connection: Keep-Alive[\r][\n]"
77828 [main] DEBUG org.apache.http.wire -  >> "User-Agent: Apache-HttpClient/4.5.13 (Java/1.8.0_271)[\r][\n]"
77828 [main] DEBUG org.apache.http.wire -  >> "[\r][\n]"
77828 [main] DEBUG org.apache.http.headers - >> DELETE /album/delete/3J779B HTTP/1.1
77828 [main] DEBUG org.apache.http.headers - >> Accept-Encoding: gzip, deflate
77828 [main] DEBUG org.apache.http.headers - >> Accept: text/plain
77828 [main] DEBUG org.apache.http.headers - >> Content-Length: 0
77828 [main] DEBUG org.apache.http.headers - >> Host: localhost:8080
77828 [main] DEBUG org.apache.http.headers - >> Connection: Keep-Alive
77828 [main] DEBUG org.apache.http.headers - >> User-Agent: Apache-HttpClient/4.5.13 (Java/1.8.0_271)
77853 [main] DEBUG org.apache.http.wire -  << "HTTP/1.1 200 [\r][\n]"
77854 [main] DEBUG org.apache.http.wire -  << "Content-Type: text/plain[\r][\n]"
77854 [main] DEBUG org.apache.http.wire -  << "Content-Length: 33[\r][\n]"
77854 [main] DEBUG org.apache.http.wire -  << "Date: Fri, 12 Feb 2021 05:02:20 GMT[\r][\n]"
77854 [main] DEBUG org.apache.http.wire -  << "Keep-Alive: timeout=60[\r][\n]"
77854 [main] DEBUG org.apache.http.wire -  << "Connection: keep-alive[\r][\n]"
77854 [main] DEBUG org.apache.http.wire -  << "[\r][\n]"
77854 [main] DEBUG o.a.h.i.c.DefaultClientConnection - Receiving response: HTTP/1.1 200 
77854 [main] DEBUG org.apache.http.headers - << HTTP/1.1 200 
77854 [main] DEBUG org.apache.http.headers - << Content-Type: text/plain
77854 [main] DEBUG org.apache.http.headers - << Content-Length: 33
77854 [main] DEBUG org.apache.http.headers - << Date: Fri, 12 Feb 2021 05:02:20 GMT
77854 [main] DEBUG org.apache.http.headers - << Keep-Alive: timeout=60
77854 [main] DEBUG org.apache.http.headers - << Connection: keep-alive
77854 [main] DEBUG o.a.h.impl.client.DefaultHttpClient - Connection can be kept alive for 60000 MILLISECONDS
77854 [main] DEBUG org.apache.http.wire -  << "album with id 4 has been deleted!"
77854 [main] DEBUG o.a.h.i.c.BasicClientConnectionManager - Releasing connection org.apache.http.impl.conn.ManagedClientConnectionImpl@5fd4f8f5
77854 [main] DEBUG o.a.h.i.c.BasicClientConnectionManager - Connection can be kept alive for 60000 MILLISECONDS
95599 [main] DEBUG o.a.h.i.c.BasicClientConnectionManager - Get connection for route {}->http://localhost:8080
95599 [main] DEBUG o.a.h.impl.client.DefaultHttpClient - Stale connection check
95601 [main] DEBUG o.a.h.c.protocol.RequestAddCookies - CookieSpec selected: default
95601 [main] DEBUG o.a.h.c.protocol.RequestAuthCache - Auth cache not set in the context
95601 [main] DEBUG o.a.h.c.p.RequestTargetAuthentication - Target auth state: UNCHALLENGED
95601 [main] DEBUG o.a.h.c.p.RequestProxyAuthentication - Proxy auth state: UNCHALLENGED
95601 [main] DEBUG o.a.h.impl.client.DefaultHttpClient - Attempt 1 to execute request
95601 [main] DEBUG o.a.h.i.c.DefaultClientConnection - Sending request: DELETE /album/delete/00s323 HTTP/1.1
95601 [main] DEBUG org.apache.http.wire -  >> "DELETE /album/delete/00s323 HTTP/1.1[\r][\n]"
95601 [main] DEBUG org.apache.http.wire -  >> "Accept-Encoding: gzip, deflate[\r][\n]"
95601 [main] DEBUG org.apache.http.wire -  >> "Accept: text/plain[\r][\n]"
95602 [main] DEBUG org.apache.http.wire -  >> "Content-Length: 0[\r][\n]"
95602 [main] DEBUG org.apache.http.wire -  >> "Host: localhost:8080[\r][\n]"
95602 [main] DEBUG org.apache.http.wire -  >> "Connection: Keep-Alive[\r][\n]"
95602 [main] DEBUG org.apache.http.wire -  >> "User-Agent: Apache-HttpClient/4.5.13 (Java/1.8.0_271)[\r][\n]"
95602 [main] DEBUG org.apache.http.wire -  >> "[\r][\n]"
95602 [main] DEBUG org.apache.http.headers - >> DELETE /album/delete/00s323 HTTP/1.1
95602 [main] DEBUG org.apache.http.headers - >> Accept-Encoding: gzip, deflate
95602 [main] DEBUG org.apache.http.headers - >> Accept: text/plain
95602 [main] DEBUG org.apache.http.headers - >> Content-Length: 0
95602 [main] DEBUG org.apache.http.headers - >> Host: localhost:8080
95602 [main] DEBUG org.apache.http.headers - >> Connection: Keep-Alive
95602 [main] DEBUG org.apache.http.headers - >> User-Agent: Apache-HttpClient/4.5.13 (Java/1.8.0_271)
95628 [main] DEBUG org.apache.http.wire -  << "HTTP/1.1 200 [\r][\n]"
95628 [main] DEBUG org.apache.http.wire -  << "Content-Type: text/plain[\r][\n]"
95628 [main] DEBUG org.apache.http.wire -  << "Content-Length: 33[\r][\n]"
95628 [main] DEBUG org.apache.http.wire -  << "Date: Fri, 12 Feb 2021 05:02:38 GMT[\r][\n]"
95628 [main] DEBUG org.apache.http.wire -  << "Keep-Alive: timeout=60[\r][\n]"
95628 [main] DEBUG org.apache.http.wire -  << "Connection: keep-alive[\r][\n]"
95628 [main] DEBUG org.apache.http.wire -  << "[\r][\n]"
95628 [main] DEBUG o.a.h.i.c.DefaultClientConnection - Receiving response: HTTP/1.1 200 
95628 [main] DEBUG org.apache.http.headers - << HTTP/1.1 200 
95628 [main] DEBUG org.apache.http.headers - << Content-Type: text/plain
95628 [main] DEBUG org.apache.http.headers - << Content-Length: 33
95628 [main] DEBUG org.apache.http.headers - << Date: Fri, 12 Feb 2021 05:02:38 GMT
95628 [main] DEBUG org.apache.http.headers - << Keep-Alive: timeout=60
95628 [main] DEBUG org.apache.http.headers - << Connection: keep-alive
95628 [main] DEBUG o.a.h.impl.client.DefaultHttpClient - Connection can be kept alive for 60000 MILLISECONDS
95628 [main] DEBUG org.apache.http.wire -  << "album with id 5 has been deleted!"
95628 [main] DEBUG o.a.h.i.c.BasicClientConnectionManager - Releasing connection org.apache.http.impl.conn.ManagedClientConnectionImpl@696da30b
95628 [main] DEBUG o.a.h.i.c.BasicClientConnectionManager - Connection can be kept alive for 60000 MILLISECONDS
788645 [main] DEBUG o.a.h.i.c.BasicClientConnectionManager - Get connection for route {}->http://localhost:8080
788645 [main] DEBUG o.a.h.i.c.BasicClientConnectionManager - Connection [id:0][route:{}->http://localhost:8080][state:null] expired @ Fri Feb 12 00:03:38 EST 2021
788646 [main] DEBUG o.a.h.i.c.DefaultClientConnection - Connection 0.0.0.0:55932<->127.0.0.1:8080 closed
788646 [main] DEBUG o.a.h.i.c.DefaultClientConnectionOperator - Connecting to localhost:8080
788647 [main] DEBUG o.a.h.c.protocol.RequestAddCookies - CookieSpec selected: default
788647 [main] DEBUG o.a.h.c.protocol.RequestAuthCache - Auth cache not set in the context
788647 [main] DEBUG o.a.h.c.p.RequestTargetAuthentication - Target auth state: UNCHALLENGED
788648 [main] DEBUG o.a.h.c.p.RequestProxyAuthentication - Proxy auth state: UNCHALLENGED
788648 [main] DEBUG o.a.h.impl.client.DefaultHttpClient - Attempt 1 to execute request
788648 [main] DEBUG o.a.h.i.c.DefaultClientConnection - Sending request: DELETE /album/delete/00s323 HTTP/1.1
788648 [main] DEBUG org.apache.http.wire -  >> "DELETE /album/delete/00s323 HTTP/1.1[\r][\n]"
788648 [main] DEBUG org.apache.http.wire -  >> "Accept-Encoding: gzip, deflate[\r][\n]"
788648 [main] DEBUG org.apache.http.wire -  >> "Accept: text/plain[\r][\n]"
788648 [main] DEBUG org.apache.http.wire -  >> "Content-Length: 0[\r][\n]"
788648 [main] DEBUG org.apache.http.wire -  >> "Host: localhost:8080[\r][\n]"
788648 [main] DEBUG org.apache.http.wire -  >> "Connection: Keep-Alive[\r][\n]"
788648 [main] DEBUG org.apache.http.wire -  >> "User-Agent: Apache-HttpClient/4.5.13 (Java/1.8.0_271)[\r][\n]"
788648 [main] DEBUG org.apache.http.wire -  >> "[\r][\n]"
788648 [main] DEBUG org.apache.http.headers - >> DELETE /album/delete/00s323 HTTP/1.1
788648 [main] DEBUG org.apache.http.headers - >> Accept-Encoding: gzip, deflate
788648 [main] DEBUG org.apache.http.headers - >> Accept: text/plain
788648 [main] DEBUG org.apache.http.headers - >> Content-Length: 0
788648 [main] DEBUG org.apache.http.headers - >> Host: localhost:8080
788648 [main] DEBUG org.apache.http.headers - >> Connection: Keep-Alive
788648 [main] DEBUG org.apache.http.headers - >> User-Agent: Apache-HttpClient/4.5.13 (Java/1.8.0_271)
788665 [main] DEBUG org.apache.http.wire -  << "HTTP/1.1 404 [\r][\n]"
788665 [main] DEBUG org.apache.http.wire -  << "Content-Type: text/plain[\r][\n]"
788665 [main] DEBUG org.apache.http.wire -  << "Content-Length: 55[\r][\n]"
788665 [main] DEBUG org.apache.http.wire -  << "Date: Fri, 12 Feb 2021 05:14:11 GMT[\r][\n]"
788665 [main] DEBUG org.apache.http.wire -  << "Keep-Alive: timeout=60[\r][\n]"
788665 [main] DEBUG org.apache.http.wire -  << "Connection: keep-alive[\r][\n]"
788665 [main] DEBUG org.apache.http.wire -  << "[\r][\n]"
788665 [main] DEBUG o.a.h.i.c.DefaultClientConnection - Receiving response: HTTP/1.1 404 
788665 [main] DEBUG org.apache.http.headers - << HTTP/1.1 404 
788665 [main] DEBUG org.apache.http.headers - << Content-Type: text/plain
788665 [main] DEBUG org.apache.http.headers - << Content-Length: 55
788665 [main] DEBUG org.apache.http.headers - << Date: Fri, 12 Feb 2021 05:14:11 GMT
788665 [main] DEBUG org.apache.http.headers - << Keep-Alive: timeout=60
788665 [main] DEBUG org.apache.http.headers - << Connection: keep-alive
788665 [main] DEBUG o.a.h.impl.client.DefaultHttpClient - Connection can be kept alive for 60000 MILLISECONDS
788665 [main] DEBUG org.apache.http.wire -  << "artist delete failed, no album found in the repository!"
788665 [main] DEBUG o.a.h.i.c.BasicClientConnectionManager - Releasing connection org.apache.http.impl.conn.ManagedClientConnectionImpl@4e7912d8
788666 [main] DEBUG o.a.h.i.c.BasicClientConnectionManager - Connection can be kept alive for 60000 MILLISECONDS
957666 [main] DEBUG o.a.h.i.c.BasicClientConnectionManager - Get connection for route {}->http://localhost:8080
957666 [main] DEBUG o.a.h.i.c.BasicClientConnectionManager - Connection [id:0][route:{}->http://localhost:8080][state:null] expired @ Fri Feb 12 00:15:11 EST 2021
957667 [main] DEBUG o.a.h.i.c.DefaultClientConnection - Connection 0.0.0.0:57138<->127.0.0.1:8080 closed
957668 [main] DEBUG o.a.h.i.c.DefaultClientConnectionOperator - Connecting to localhost:8080
957670 [main] DEBUG o.a.h.c.protocol.RequestAddCookies - CookieSpec selected: default
957670 [main] DEBUG o.a.h.c.protocol.RequestAuthCache - Auth cache not set in the context
957670 [main] DEBUG o.a.h.c.p.RequestTargetAuthentication - Target auth state: UNCHALLENGED
957670 [main] DEBUG o.a.h.c.p.RequestProxyAuthentication - Proxy auth state: UNCHALLENGED
957670 [main] DEBUG o.a.h.impl.client.DefaultHttpClient - Attempt 1 to execute request
957670 [main] DEBUG o.a.h.i.c.DefaultClientConnection - Sending request: DELETE /album/delete/400000D HTTP/1.1
957670 [main] DEBUG org.apache.http.wire -  >> "DELETE /album/delete/400000D HTTP/1.1[\r][\n]"
957670 [main] DEBUG org.apache.http.wire -  >> "Accept-Encoding: gzip, deflate[\r][\n]"
957670 [main] DEBUG org.apache.http.wire -  >> "Accept: text/plain[\r][\n]"
957670 [main] DEBUG org.apache.http.wire -  >> "Content-Length: 0[\r][\n]"
957670 [main] DEBUG org.apache.http.wire -  >> "Host: localhost:8080[\r][\n]"
957670 [main] DEBUG org.apache.http.wire -  >> "Connection: Keep-Alive[\r][\n]"
957671 [main] DEBUG org.apache.http.wire -  >> "User-Agent: Apache-HttpClient/4.5.13 (Java/1.8.0_271)[\r][\n]"
957671 [main] DEBUG org.apache.http.wire -  >> "[\r][\n]"
957671 [main] DEBUG org.apache.http.headers - >> DELETE /album/delete/400000D HTTP/1.1
957671 [main] DEBUG org.apache.http.headers - >> Accept-Encoding: gzip, deflate
957671 [main] DEBUG org.apache.http.headers - >> Accept: text/plain
957671 [main] DEBUG org.apache.http.headers - >> Content-Length: 0
957672 [main] DEBUG org.apache.http.headers - >> Host: localhost:8080
957672 [main] DEBUG org.apache.http.headers - >> Connection: Keep-Alive
957672 [main] DEBUG org.apache.http.headers - >> User-Agent: Apache-HttpClient/4.5.13 (Java/1.8.0_271)
957706 [main] DEBUG org.apache.http.wire -  << "HTTP/1.1 200 [\r][\n]"
957706 [main] DEBUG org.apache.http.wire -  << "Content-Type: text/plain[\r][\n]"
957706 [main] DEBUG org.apache.http.wire -  << "Content-Length: 33[\r][\n]"
957706 [main] DEBUG org.apache.http.wire -  << "Date: Fri, 12 Feb 2021 05:17:00 GMT[\r][\n]"
957706 [main] DEBUG org.apache.http.wire -  << "Keep-Alive: timeout=60[\r][\n]"
957706 [main] DEBUG org.apache.http.wire -  << "Connection: keep-alive[\r][\n]"
957706 [main] DEBUG org.apache.http.wire -  << "[\r][\n]"
957706 [main] DEBUG o.a.h.i.c.DefaultClientConnection - Receiving response: HTTP/1.1 200 
957706 [main] DEBUG org.apache.http.headers - << HTTP/1.1 200 
957707 [main] DEBUG org.apache.http.headers - << Content-Type: text/plain
957707 [main] DEBUG org.apache.http.headers - << Content-Length: 33
957707 [main] DEBUG org.apache.http.headers - << Date: Fri, 12 Feb 2021 05:17:00 GMT
957707 [main] DEBUG org.apache.http.headers - << Keep-Alive: timeout=60
957707 [main] DEBUG org.apache.http.headers - << Connection: keep-alive
957707 [main] DEBUG o.a.h.impl.client.DefaultHttpClient - Connection can be kept alive for 60000 MILLISECONDS
957707 [main] DEBUG org.apache.http.wire -  << "album with id 8 has been deleted!"
957707 [main] DEBUG o.a.h.i.c.BasicClientConnectionManager - Releasing connection org.apache.http.impl.conn.ManagedClientConnectionImpl@53976f5c
957707 [main] DEBUG o.a.h.i.c.BasicClientConnectionManager - Connection can be kept alive for 60000 MILLISECONDS
977576 [main] DEBUG o.a.h.i.c.BasicClientConnectionManager - Get connection for route {}->http://localhost:8080
977577 [main] DEBUG o.a.h.impl.client.DefaultHttpClient - Stale connection check
977579 [main] DEBUG o.a.h.c.protocol.RequestAddCookies - CookieSpec selected: default
977579 [main] DEBUG o.a.h.c.protocol.RequestAuthCache - Auth cache not set in the context
977579 [main] DEBUG o.a.h.c.p.RequestTargetAuthentication - Target auth state: UNCHALLENGED
977579 [main] DEBUG o.a.h.c.p.RequestProxyAuthentication - Proxy auth state: UNCHALLENGED
977579 [main] DEBUG o.a.h.impl.client.DefaultHttpClient - Attempt 1 to execute request
977579 [main] DEBUG o.a.h.i.c.DefaultClientConnection - Sending request: DELETE /album/delete/22134412AAA HTTP/1.1
977579 [main] DEBUG org.apache.http.wire -  >> "DELETE /album/delete/22134412AAA HTTP/1.1[\r][\n]"
977579 [main] DEBUG org.apache.http.wire -  >> "Accept-Encoding: gzip, deflate[\r][\n]"
977579 [main] DEBUG org.apache.http.wire -  >> "Accept: text/plain[\r][\n]"
977579 [main] DEBUG org.apache.http.wire -  >> "Content-Length: 0[\r][\n]"
977579 [main] DEBUG org.apache.http.wire -  >> "Host: localhost:8080[\r][\n]"
977579 [main] DEBUG org.apache.http.wire -  >> "Connection: Keep-Alive[\r][\n]"
977579 [main] DEBUG org.apache.http.wire -  >> "User-Agent: Apache-HttpClient/4.5.13 (Java/1.8.0_271)[\r][\n]"
977579 [main] DEBUG org.apache.http.wire -  >> "[\r][\n]"
977579 [main] DEBUG org.apache.http.headers - >> DELETE /album/delete/22134412AAA HTTP/1.1
977579 [main] DEBUG org.apache.http.headers - >> Accept-Encoding: gzip, deflate
977579 [main] DEBUG org.apache.http.headers - >> Accept: text/plain
977579 [main] DEBUG org.apache.http.headers - >> Content-Length: 0
977580 [main] DEBUG org.apache.http.headers - >> Host: localhost:8080
977580 [main] DEBUG org.apache.http.headers - >> Connection: Keep-Alive
977580 [main] DEBUG org.apache.http.headers - >> User-Agent: Apache-HttpClient/4.5.13 (Java/1.8.0_271)
977602 [main] DEBUG org.apache.http.wire -  << "HTTP/1.1 200 [\r][\n]"
977602 [main] DEBUG org.apache.http.wire -  << "Content-Type: text/plain[\r][\n]"
977602 [main] DEBUG org.apache.http.wire -  << "Content-Length: 34[\r][\n]"
977602 [main] DEBUG org.apache.http.wire -  << "Date: Fri, 12 Feb 2021 05:17:20 GMT[\r][\n]"
977602 [main] DEBUG org.apache.http.wire -  << "Keep-Alive: timeout=60[\r][\n]"
977602 [main] DEBUG org.apache.http.wire -  << "Connection: keep-alive[\r][\n]"
977602 [main] DEBUG org.apache.http.wire -  << "[\r][\n]"
977602 [main] DEBUG o.a.h.i.c.DefaultClientConnection - Receiving response: HTTP/1.1 200 
977602 [main] DEBUG org.apache.http.headers - << HTTP/1.1 200 
977602 [main] DEBUG org.apache.http.headers - << Content-Type: text/plain
977602 [main] DEBUG org.apache.http.headers - << Content-Length: 34
977602 [main] DEBUG org.apache.http.headers - << Date: Fri, 12 Feb 2021 05:17:20 GMT
977602 [main] DEBUG org.apache.http.headers - << Keep-Alive: timeout=60
977602 [main] DEBUG org.apache.http.headers - << Connection: keep-alive
977603 [main] DEBUG o.a.h.impl.client.DefaultHttpClient - Connection can be kept alive for 60000 MILLISECONDS
977603 [main] DEBUG org.apache.http.wire -  << "album with id 10 has been deleted!"
977603 [main] DEBUG o.a.h.i.c.BasicClientConnectionManager - Releasing connection org.apache.http.impl.conn.ManagedClientConnectionImpl@2bfc268b
977603 [main] DEBUG o.a.h.i.c.BasicClientConnectionManager - Connection can be kept alive for 60000 MILLISECONDS
994381 [main] DEBUG o.a.h.i.c.BasicClientConnectionManager - Get connection for route {}->http://localhost:8080
994381 [main] DEBUG o.a.h.impl.client.DefaultHttpClient - Stale connection check
994383 [main] DEBUG o.a.h.c.protocol.RequestAddCookies - CookieSpec selected: default
994383 [main] DEBUG o.a.h.c.protocol.RequestAuthCache - Auth cache not set in the context
994383 [main] DEBUG o.a.h.c.p.RequestTargetAuthentication - Target auth state: UNCHALLENGED
994383 [main] DEBUG o.a.h.c.p.RequestProxyAuthentication - Proxy auth state: UNCHALLENGED
994383 [main] DEBUG o.a.h.impl.client.DefaultHttpClient - Attempt 1 to execute request
994383 [main] DEBUG o.a.h.i.c.DefaultClientConnection - Sending request: DELETE /album/delete/A33B976 HTTP/1.1
994383 [main] DEBUG org.apache.http.wire -  >> "DELETE /album/delete/A33B976 HTTP/1.1[\r][\n]"
994383 [main] DEBUG org.apache.http.wire -  >> "Accept-Encoding: gzip, deflate[\r][\n]"
994384 [main] DEBUG org.apache.http.wire -  >> "Accept: text/plain[\r][\n]"
994384 [main] DEBUG org.apache.http.wire -  >> "Content-Length: 0[\r][\n]"
994384 [main] DEBUG org.apache.http.wire -  >> "Host: localhost:8080[\r][\n]"
994384 [main] DEBUG org.apache.http.wire -  >> "Connection: Keep-Alive[\r][\n]"
994384 [main] DEBUG org.apache.http.wire -  >> "User-Agent: Apache-HttpClient/4.5.13 (Java/1.8.0_271)[\r][\n]"
994384 [main] DEBUG org.apache.http.wire -  >> "[\r][\n]"
994384 [main] DEBUG org.apache.http.headers - >> DELETE /album/delete/A33B976 HTTP/1.1
994384 [main] DEBUG org.apache.http.headers - >> Accept-Encoding: gzip, deflate
994384 [main] DEBUG org.apache.http.headers - >> Accept: text/plain
994384 [main] DEBUG org.apache.http.headers - >> Content-Length: 0
994384 [main] DEBUG org.apache.http.headers - >> Host: localhost:8080
994384 [main] DEBUG org.apache.http.headers - >> Connection: Keep-Alive
994384 [main] DEBUG org.apache.http.headers - >> User-Agent: Apache-HttpClient/4.5.13 (Java/1.8.0_271)
994408 [main] DEBUG org.apache.http.wire -  << "HTTP/1.1 200 [\r][\n]"
994408 [main] DEBUG org.apache.http.wire -  << "Content-Type: text/plain[\r][\n]"
994408 [main] DEBUG org.apache.http.wire -  << "Content-Length: 34[\r][\n]"
994408 [main] DEBUG org.apache.http.wire -  << "Date: Fri, 12 Feb 2021 05:17:37 GMT[\r][\n]"
994408 [main] DEBUG org.apache.http.wire -  << "Keep-Alive: timeout=60[\r][\n]"
994408 [main] DEBUG org.apache.http.wire -  << "Connection: keep-alive[\r][\n]"
994408 [main] DEBUG org.apache.http.wire -  << "[\r][\n]"
994408 [main] DEBUG o.a.h.i.c.DefaultClientConnection - Receiving response: HTTP/1.1 200 
994408 [main] DEBUG org.apache.http.headers - << HTTP/1.1 200 
994408 [main] DEBUG org.apache.http.headers - << Content-Type: text/plain
994408 [main] DEBUG org.apache.http.headers - << Content-Length: 34
994408 [main] DEBUG org.apache.http.headers - << Date: Fri, 12 Feb 2021 05:17:37 GMT
994408 [main] DEBUG org.apache.http.headers - << Keep-Alive: timeout=60
994408 [main] DEBUG org.apache.http.headers - << Connection: keep-alive
994408 [main] DEBUG o.a.h.impl.client.DefaultHttpClient - Connection can be kept alive for 60000 MILLISECONDS
994409 [main] DEBUG org.apache.http.wire -  << "album with id 12 has been deleted!"
994409 [main] DEBUG o.a.h.i.c.BasicClientConnectionManager - Releasing connection org.apache.http.impl.conn.ManagedClientConnectionImpl@2f8dad04
994409 [main] DEBUG o.a.h.i.c.BasicClientConnectionManager - Connection can be kept alive for 60000 MILLISECONDS
2486791 [main] DEBUG o.a.h.i.c.BasicClientConnectionManager - Get connection for route {}->http://localhost:8080
2486791 [main] DEBUG o.a.h.i.c.BasicClientConnectionManager - Connection [id:0][route:{}->http://localhost:8080][state:null] expired @ Fri Feb 12 00:18:37 EST 2021
2486791 [main] DEBUG o.a.h.i.c.DefaultClientConnection - Connection 0.0.0.0:57184<->127.0.0.1:8080 closed
2486792 [main] DEBUG o.a.h.i.c.DefaultClientConnectionOperator - Connecting to localhost:8080
2486795 [main] DEBUG o.a.h.c.protocol.RequestAddCookies - CookieSpec selected: default
2486795 [main] DEBUG o.a.h.c.protocol.RequestAuthCache - Auth cache not set in the context
2486795 [main] DEBUG o.a.h.c.p.RequestTargetAuthentication - Target auth state: UNCHALLENGED
2486795 [main] DEBUG o.a.h.c.p.RequestProxyAuthentication - Proxy auth state: UNCHALLENGED
2486795 [main] DEBUG o.a.h.impl.client.DefaultHttpClient - Attempt 1 to execute request
2486795 [main] DEBUG o.a.h.i.c.DefaultClientConnection - Sending request: POST /album/add HTTP/1.1
2486795 [main] DEBUG org.apache.http.wire -  >> "POST /album/add HTTP/1.1[\r][\n]"
2486795 [main] DEBUG org.apache.http.wire -  >> "Content-Type: application/x-www-form-urlencoded[\r][\n]"
2486795 [main] DEBUG org.apache.http.wire -  >> "Accept-Encoding: gzip, deflate[\r][\n]"
2486795 [main] DEBUG org.apache.http.wire -  >> "Accept: text/plain[\r][\n]"
2486796 [main] DEBUG org.apache.http.wire -  >> "Content-Length: 90[\r][\n]"
2486796 [main] DEBUG org.apache.http.wire -  >> "Host: localhost:8080[\r][\n]"
2486796 [main] DEBUG org.apache.http.wire -  >> "Connection: Keep-Alive[\r][\n]"
2486796 [main] DEBUG org.apache.http.wire -  >> "User-Agent: Apache-HttpClient/4.5.13 (Java/1.8.0_271)[\r][\n]"
2486796 [main] DEBUG org.apache.http.wire -  >> "[\r][\n]"
2486796 [main] DEBUG org.apache.http.headers - >> POST /album/add HTTP/1.1
2486796 [main] DEBUG org.apache.http.headers - >> Content-Type: application/x-www-form-urlencoded
2486796 [main] DEBUG org.apache.http.headers - >> Accept-Encoding: gzip, deflate
2486796 [main] DEBUG org.apache.http.headers - >> Accept: text/plain
2486796 [main] DEBUG org.apache.http.headers - >> Content-Length: 90
2486796 [main] DEBUG org.apache.http.headers - >> Host: localhost:8080
2486796 [main] DEBUG org.apache.http.headers - >> Connection: Keep-Alive
2486796 [main] DEBUG org.apache.http.headers - >> User-Agent: Apache-HttpClient/4.5.13 (Java/1.8.0_271)
2486798 [main] DEBUG org.apache.http.wire -  >> "description=new+album+curl+description&released_year=2021&isrc=100AB001&title=newAlbumCurl"
2487188 [main] DEBUG org.apache.http.wire -  << "HTTP/1.1 201 [\r][\n]"
2487188 [main] DEBUG org.apache.http.wire -  << "Content-Type: text/plain[\r][\n]"
2487188 [main] DEBUG org.apache.http.wire -  << "Content-Length: 213[\r][\n]"
2487188 [main] DEBUG org.apache.http.wire -  << "Date: Fri, 12 Feb 2021 05:42:30 GMT[\r][\n]"
2487188 [main] DEBUG org.apache.http.wire -  << "Keep-Alive: timeout=60[\r][\n]"
2487188 [main] DEBUG org.apache.http.wire -  << "Connection: keep-alive[\r][\n]"
2487188 [main] DEBUG org.apache.http.wire -  << "[\r][\n]"
2487188 [main] DEBUG o.a.h.i.c.DefaultClientConnection - Receiving response: HTTP/1.1 201 
2487188 [main] DEBUG org.apache.http.headers - << HTTP/1.1 201 
2487188 [main] DEBUG org.apache.http.headers - << Content-Type: text/plain
2487188 [main] DEBUG org.apache.http.headers - << Content-Length: 213
2487188 [main] DEBUG org.apache.http.headers - << Date: Fri, 12 Feb 2021 05:42:30 GMT
2487188 [main] DEBUG org.apache.http.headers - << Keep-Alive: timeout=60
2487188 [main] DEBUG org.apache.http.headers - << Connection: keep-alive
2487188 [main] DEBUG o.a.h.impl.client.DefaultHttpClient - Connection can be kept alive for 60000 MILLISECONDS
2487191 [main] DEBUG org.apache.http.wire -  << "Album{id=14, ISRC='100AB001', title='newAlbumCurl', description='new album curl description', released_year=2021, artist=Artist{id=1, nickname='unknown artist', firstname='', lastname='', biography='', albums=[]}}"
2487191 [main] DEBUG o.a.h.i.c.BasicClientConnectionManager - Releasing connection org.apache.http.impl.conn.ManagedClientConnectionImpl@49912c99
2487191 [main] DEBUG o.a.h.i.c.BasicClientConnectionManager - Connection can be kept alive for 60000 MILLISECONDS
2745444 [main] DEBUG o.a.h.i.c.BasicClientConnectionManager - Get connection for route {}->http://localhost:8080
2745444 [main] DEBUG o.a.h.i.c.BasicClientConnectionManager - Connection [id:0][route:{}->http://localhost:8080][state:null] expired @ Fri Feb 12 00:43:30 EST 2021
2745445 [main] DEBUG o.a.h.i.c.DefaultClientConnection - Connection 0.0.0.0:55816<->127.0.0.1:8080 closed
2745445 [main] DEBUG o.a.h.i.c.DefaultClientConnectionOperator - Connecting to localhost:8080
2745447 [main] DEBUG o.a.h.c.protocol.RequestAddCookies - CookieSpec selected: default
2745447 [main] DEBUG o.a.h.c.protocol.RequestAuthCache - Auth cache not set in the context
2745447 [main] DEBUG o.a.h.c.p.RequestTargetAuthentication - Target auth state: UNCHALLENGED
2745447 [main] DEBUG o.a.h.c.p.RequestProxyAuthentication - Proxy auth state: UNCHALLENGED
2745447 [main] DEBUG o.a.h.impl.client.DefaultHttpClient - Attempt 1 to execute request
2745447 [main] DEBUG o.a.h.i.c.DefaultClientConnection - Sending request: PUT /album/update HTTP/1.1
2745448 [main] DEBUG org.apache.http.wire -  >> "PUT /album/update HTTP/1.1[\r][\n]"
2745448 [main] DEBUG org.apache.http.wire -  >> "Content-Type: application/x-www-form-urlencoded[\r][\n]"
2745448 [main] DEBUG org.apache.http.wire -  >> "Accept-Encoding: gzip, deflate[\r][\n]"
2745448 [main] DEBUG org.apache.http.wire -  >> "Accept: text/plain[\r][\n]"
2745448 [main] DEBUG org.apache.http.wire -  >> "Content-Length: 185[\r][\n]"
2745448 [main] DEBUG org.apache.http.wire -  >> "Host: localhost:8080[\r][\n]"
2745448 [main] DEBUG org.apache.http.wire -  >> "Connection: Keep-Alive[\r][\n]"
2745448 [main] DEBUG org.apache.http.wire -  >> "User-Agent: Apache-HttpClient/4.5.13 (Java/1.8.0_271)[\r][\n]"
2745448 [main] DEBUG org.apache.http.wire -  >> "[\r][\n]"
2745448 [main] DEBUG org.apache.http.headers - >> PUT /album/update HTTP/1.1
2745448 [main] DEBUG org.apache.http.headers - >> Content-Type: application/x-www-form-urlencoded
2745448 [main] DEBUG org.apache.http.headers - >> Accept-Encoding: gzip, deflate
2745448 [main] DEBUG org.apache.http.headers - >> Accept: text/plain
2745448 [main] DEBUG org.apache.http.headers - >> Content-Length: 185
2745448 [main] DEBUG org.apache.http.headers - >> Host: localhost:8080
2745448 [main] DEBUG org.apache.http.headers - >> Connection: Keep-Alive
2745448 [main] DEBUG org.apache.http.headers - >> User-Agent: Apache-HttpClient/4.5.13 (Java/1.8.0_271)
2745449 [main] DEBUG org.apache.http.wire -  >> "firstname=test+firstname&nickname=test+nickname&description=this+album+has+been+updated&released_year=2022&isrc=100AB001&biography=no+biography&title=updatedAlbum&lastname=test+lastname"
2745542 [main] DEBUG org.apache.http.wire -  << "HTTP/1.1 200 [\r][\n]"
2745543 [main] DEBUG org.apache.http.wire -  << "Content-Type: text/plain[\r][\n]"
2745543 [main] DEBUG org.apache.http.wire -  << "Content-Length: 323[\r][\n]"
2745543 [main] DEBUG org.apache.http.wire -  << "Date: Fri, 12 Feb 2021 05:46:48 GMT[\r][\n]"
2745543 [main] DEBUG org.apache.http.wire -  << "Keep-Alive: timeout=60[\r][\n]"
2745543 [main] DEBUG org.apache.http.wire -  << "Connection: keep-alive[\r][\n]"
2745543 [main] DEBUG org.apache.http.wire -  << "[\r][\n]"
2745543 [main] DEBUG o.a.h.i.c.DefaultClientConnection - Receiving response: HTTP/1.1 200 
2745543 [main] DEBUG org.apache.http.headers - << HTTP/1.1 200 
2745543 [main] DEBUG org.apache.http.headers - << Content-Type: text/plain
2745543 [main] DEBUG org.apache.http.headers - << Content-Length: 323
2745543 [main] DEBUG org.apache.http.headers - << Date: Fri, 12 Feb 2021 05:46:48 GMT
2745543 [main] DEBUG org.apache.http.headers - << Keep-Alive: timeout=60
2745543 [main] DEBUG org.apache.http.headers - << Connection: keep-alive
2745543 [main] DEBUG o.a.h.impl.client.DefaultHttpClient - Connection can be kept alive for 60000 MILLISECONDS
2745543 [main] DEBUG org.apache.http.wire -  << "album updated successfully, here is the info of newly updated album:[\n]"
2745543 [main] DEBUG org.apache.http.wire -  << "Album{id=14, ISRC='100AB001', title='updatedAlbum', description='this album has been updated', released_year=2022, artist=Artist{id=8, nickname='test nickname', firstname='test firstname', lastname='test lastname', biography='test biography', albums=[]}}"
2745544 [main] DEBUG o.a.h.i.c.BasicClientConnectionManager - Releasing connection org.apache.http.impl.conn.ManagedClientConnectionImpl@10163d6
2745544 [main] DEBUG o.a.h.i.c.BasicClientConnectionManager - Connection can be kept alive for 60000 MILLISECONDS
2933614 [main] DEBUG o.a.h.i.c.BasicClientConnectionManager - Get connection for route {}->http://localhost:8080
2933614 [main] DEBUG o.a.h.i.c.BasicClientConnectionManager - Connection [id:0][route:{}->http://localhost:8080][state:null] expired @ Fri Feb 12 00:47:48 EST 2021
2933614 [main] DEBUG o.a.h.i.c.DefaultClientConnection - Connection 0.0.0.0:55870<->127.0.0.1:8080 closed
2933615 [main] DEBUG o.a.h.i.c.DefaultClientConnectionOperator - Connecting to localhost:8080
2933617 [main] DEBUG o.a.h.c.protocol.RequestAddCookies - CookieSpec selected: default
2933617 [main] DEBUG o.a.h.c.protocol.RequestAuthCache - Auth cache not set in the context
2933617 [main] DEBUG o.a.h.c.p.RequestTargetAuthentication - Target auth state: UNCHALLENGED
2933617 [main] DEBUG o.a.h.c.p.RequestProxyAuthentication - Proxy auth state: UNCHALLENGED
2933618 [main] DEBUG o.a.h.impl.client.DefaultHttpClient - Attempt 1 to execute request
2933618 [main] DEBUG o.a.h.i.c.DefaultClientConnection - Sending request: GET /album/list HTTP/1.1
2933618 [main] DEBUG org.apache.http.wire -  >> "GET /album/list HTTP/1.1[\r][\n]"
2933618 [main] DEBUG org.apache.http.wire -  >> "Accept-Encoding: gzip, deflate[\r][\n]"
2933618 [main] DEBUG org.apache.http.wire -  >> "Accept: text/plain[\r][\n]"
2933618 [main] DEBUG org.apache.http.wire -  >> "Host: localhost:8080[\r][\n]"
2933618 [main] DEBUG org.apache.http.wire -  >> "Connection: Keep-Alive[\r][\n]"
2933618 [main] DEBUG org.apache.http.wire -  >> "User-Agent: Apache-HttpClient/4.5.13 (Java/1.8.0_271)[\r][\n]"
2933618 [main] DEBUG org.apache.http.wire -  >> "[\r][\n]"
2933618 [main] DEBUG org.apache.http.headers - >> GET /album/list HTTP/1.1
2933618 [main] DEBUG org.apache.http.headers - >> Accept-Encoding: gzip, deflate
2933618 [main] DEBUG org.apache.http.headers - >> Accept: text/plain
2933618 [main] DEBUG org.apache.http.headers - >> Host: localhost:8080
2933618 [main] DEBUG org.apache.http.headers - >> Connection: Keep-Alive
2933618 [main] DEBUG org.apache.http.headers - >> User-Agent: Apache-HttpClient/4.5.13 (Java/1.8.0_271)
2933633 [main] DEBUG org.apache.http.wire -  << "HTTP/1.1 200 [\r][\n]"
2933633 [main] DEBUG org.apache.http.wire -  << "Content-Type: text/plain[\r][\n]"
2933633 [main] DEBUG org.apache.http.wire -  << "Content-Length: 48[\r][\n]"
2933633 [main] DEBUG org.apache.http.wire -  << "Date: Fri, 12 Feb 2021 05:49:56 GMT[\r][\n]"
2933633 [main] DEBUG org.apache.http.wire -  << "Keep-Alive: timeout=60[\r][\n]"
2933633 [main] DEBUG org.apache.http.wire -  << "Connection: keep-alive[\r][\n]"
2933633 [main] DEBUG org.apache.http.wire -  << "[\r][\n]"
2933634 [main] DEBUG o.a.h.i.c.DefaultClientConnection - Receiving response: HTTP/1.1 200 
2933634 [main] DEBUG org.apache.http.headers - << HTTP/1.1 200 
2933634 [main] DEBUG org.apache.http.headers - << Content-Type: text/plain
2933634 [main] DEBUG org.apache.http.headers - << Content-Length: 48
2933634 [main] DEBUG org.apache.http.headers - << Date: Fri, 12 Feb 2021 05:49:56 GMT
2933634 [main] DEBUG org.apache.http.headers - << Keep-Alive: timeout=60
2933634 [main] DEBUG org.apache.http.headers - << Connection: keep-alive
2933634 [main] DEBUG o.a.h.impl.client.DefaultHttpClient - Connection can be kept alive for 60000 MILLISECONDS
2933634 [main] DEBUG org.apache.http.wire -  << "AlbumDto{ISRC='100AB001', title='updatedAlbum'}[\n]"
2933634 [main] DEBUG o.a.h.i.c.BasicClientConnectionManager - Releasing connection org.apache.http.impl.conn.ManagedClientConnectionImpl@2dde1bff
2933634 [main] DEBUG o.a.h.i.c.BasicClientConnectionManager - Connection can be kept alive for 60000 MILLISECONDS
234  [main] DEBUG o.j.r.p.providers.DocumentProvider - Unable to retrieve config: expandEntityReferences defaults to true
250  [main] DEBUG o.j.r.p.providers.DocumentProvider - Unable to retrieve config: expandEntityReferences defaults to true
220  [main] DEBUG o.j.r.p.providers.DocumentProvider - Unable to retrieve config: expandEntityReferences defaults to true
220  [main] DEBUG o.j.r.p.providers.DocumentProvider - Unable to retrieve config: expandEntityReferences defaults to true
318418 [main] DEBUG o.a.h.c.protocol.RequestAddCookies - CookieSpec selected: default
318418 [main] DEBUG o.a.h.c.protocol.RequestAuthCache - Auth cache not set in the context
318418 [main] DEBUG o.a.h.i.c.PoolingHttpClientConnectionManager - Connection request: [route: {}->http://localhost:8100][total available: 0; route allocated: 0 of 2; total allocated: 0 of 20]
318434 [main] DEBUG o.a.h.i.c.PoolingHttpClientConnectionManager - Connection leased: [id: 0][route: {}->http://localhost:8100][total available: 0; route allocated: 1 of 2; total allocated: 1 of 20]
318434 [main] DEBUG o.a.h.impl.execchain.MainClientExec - Opening connection {}->http://localhost:8100
318434 [main] DEBUG o.a.h.i.c.DefaultHttpClientConnectionOperator - Connecting to localhost/127.0.0.1:8100
318434 [main] DEBUG o.a.h.i.c.DefaultHttpClientConnectionOperator - Connection established 127.0.0.1:50340<->127.0.0.1:8100
318434 [main] DEBUG o.a.h.impl.execchain.MainClientExec - Executing request DELETE /artist?target=artist&operation=delete&nickname=Queen%20of%20Country%20Pop HTTP/1.1
318434 [main] DEBUG o.a.h.impl.execchain.MainClientExec - Target auth state: UNCHALLENGED
318434 [main] DEBUG o.a.h.impl.execchain.MainClientExec - Proxy auth state: UNCHALLENGED
318434 [main] DEBUG org.apache.http.headers - http-outgoing-0 >> DELETE /artist?target=artist&operation=delete&nickname=Queen%20of%20Country%20Pop HTTP/1.1
318434 [main] DEBUG org.apache.http.headers - http-outgoing-0 >> Host: localhost:8100
318434 [main] DEBUG org.apache.http.headers - http-outgoing-0 >> Connection: Keep-Alive
318434 [main] DEBUG org.apache.http.headers - http-outgoing-0 >> User-Agent: Apache-HttpClient/4.5.13 (Java/1.8.0_271)
318434 [main] DEBUG org.apache.http.headers - http-outgoing-0 >> Accept-Encoding: gzip,deflate
318434 [main] DEBUG org.apache.http.wire - http-outgoing-0 >> "DELETE /artist?target=artist&operation=delete&nickname=Queen%20of%20Country%20Pop HTTP/1.1[\r][\n]"
318434 [main] DEBUG org.apache.http.wire - http-outgoing-0 >> "Host: localhost:8100[\r][\n]"
318434 [main] DEBUG org.apache.http.wire - http-outgoing-0 >> "Connection: Keep-Alive[\r][\n]"
318434 [main] DEBUG org.apache.http.wire - http-outgoing-0 >> "User-Agent: Apache-HttpClient/4.5.13 (Java/1.8.0_271)[\r][\n]"
318434 [main] DEBUG org.apache.http.wire - http-outgoing-0 >> "Accept-Encoding: gzip,deflate[\r][\n]"
318434 [main] DEBUG org.apache.http.wire - http-outgoing-0 >> "[\r][\n]"
319028 [main] DEBUG org.apache.http.wire - http-outgoing-0 << "HTTP/1.1 200 [\r][\n]"
319028 [main] DEBUG org.apache.http.wire - http-outgoing-0 << "Content-Type: text/plain;charset=ISO-8859-1[\r][\n]"
319028 [main] DEBUG org.apache.http.wire - http-outgoing-0 << "Transfer-Encoding: chunked[\r][\n]"
319028 [main] DEBUG org.apache.http.wire - http-outgoing-0 << "Date: Fri, 12 Feb 2021 13:48:37 GMT[\r][\n]"
319028 [main] DEBUG org.apache.http.wire - http-outgoing-0 << "Keep-Alive: timeout=60[\r][\n]"
319028 [main] DEBUG org.apache.http.wire - http-outgoing-0 << "Connection: keep-alive[\r][\n]"
319028 [main] DEBUG org.apache.http.wire - http-outgoing-0 << "[\r][\n]"
319028 [main] DEBUG org.apache.http.wire - http-outgoing-0 << "24[\r][\n]"
319028 [main] DEBUG org.apache.http.wire - http-outgoing-0 << "record with id (5) has been deleted.[\r][\n]"
319028 [main] DEBUG org.apache.http.headers - http-outgoing-0 << HTTP/1.1 200 
319028 [main] DEBUG org.apache.http.headers - http-outgoing-0 << Content-Type: text/plain;charset=ISO-8859-1
319028 [main] DEBUG org.apache.http.headers - http-outgoing-0 << Transfer-Encoding: chunked
319028 [main] DEBUG org.apache.http.headers - http-outgoing-0 << Date: Fri, 12 Feb 2021 13:48:37 GMT
319028 [main] DEBUG org.apache.http.headers - http-outgoing-0 << Keep-Alive: timeout=60
319028 [main] DEBUG org.apache.http.headers - http-outgoing-0 << Connection: keep-alive
319043 [main] DEBUG o.a.h.impl.execchain.MainClientExec - Connection can be kept alive for 60000 MILLISECONDS
319043 [main] DEBUG org.apache.http.wire - http-outgoing-0 << "0[\r][\n]"
319043 [main] DEBUG org.apache.http.wire - http-outgoing-0 << "[\r][\n]"
319043 [main] DEBUG o.a.h.i.c.PoolingHttpClientConnectionManager - Connection [id: 0][route: {}->http://localhost:8100] can be kept alive for 60.0 seconds
319043 [main] DEBUG o.a.h.i.c.DefaultManagedHttpClientConnection - http-outgoing-0: set socket timeout to 0
319043 [main] DEBUG o.a.h.i.c.PoolingHttpClientConnectionManager - Connection released: [id: 0][route: {}->http://localhost:8100][total available: 1; route allocated: 1 of 2; total allocated: 1 of 20]
832530 [main] DEBUG o.a.h.c.protocol.RequestAddCookies - CookieSpec selected: default
832530 [main] DEBUG o.a.h.c.protocol.RequestAuthCache - Auth cache not set in the context
832530 [main] DEBUG o.a.h.i.c.PoolingHttpClientConnectionManager - Connection request: [route: {}->http://localhost:8100][total available: 0; route allocated: 0 of 2; total allocated: 0 of 20]
832530 [main] DEBUG o.a.h.i.c.PoolingHttpClientConnectionManager - Connection leased: [id: 1][route: {}->http://localhost:8100][total available: 0; route allocated: 1 of 2; total allocated: 1 of 20]
832530 [main] DEBUG o.a.h.impl.execchain.MainClientExec - Opening connection {}->http://localhost:8100
832530 [main] DEBUG o.a.h.i.c.DefaultHttpClientConnectionOperator - Connecting to localhost/127.0.0.1:8100
832530 [main] DEBUG o.a.h.i.c.DefaultHttpClientConnectionOperator - Connection established 127.0.0.1:50647<->127.0.0.1:8100
832530 [main] DEBUG o.a.h.impl.execchain.MainClientExec - Executing request DELETE /artist?target=artist&operation=delete&nickname=client%20updated%20artist%20nickname HTTP/1.1
832530 [main] DEBUG o.a.h.impl.execchain.MainClientExec - Target auth state: UNCHALLENGED
832530 [main] DEBUG o.a.h.impl.execchain.MainClientExec - Proxy auth state: UNCHALLENGED
832530 [main] DEBUG org.apache.http.headers - http-outgoing-1 >> DELETE /artist?target=artist&operation=delete&nickname=client%20updated%20artist%20nickname HTTP/1.1
832530 [main] DEBUG org.apache.http.headers - http-outgoing-1 >> Host: localhost:8100
832530 [main] DEBUG org.apache.http.headers - http-outgoing-1 >> Connection: Keep-Alive
832530 [main] DEBUG org.apache.http.headers - http-outgoing-1 >> User-Agent: Apache-HttpClient/4.5.13 (Java/1.8.0_271)
832530 [main] DEBUG org.apache.http.headers - http-outgoing-1 >> Accept-Encoding: gzip,deflate
832530 [main] DEBUG org.apache.http.wire - http-outgoing-1 >> "DELETE /artist?target=artist&operation=delete&nickname=client%20updated%20artist%20nickname HTTP/1.1[\r][\n]"
832530 [main] DEBUG org.apache.http.wire - http-outgoing-1 >> "Host: localhost:8100[\r][\n]"
832530 [main] DEBUG org.apache.http.wire - http-outgoing-1 >> "Connection: Keep-Alive[\r][\n]"
832530 [main] DEBUG org.apache.http.wire - http-outgoing-1 >> "User-Agent: Apache-HttpClient/4.5.13 (Java/1.8.0_271)[\r][\n]"
832530 [main] DEBUG org.apache.http.wire - http-outgoing-1 >> "Accept-Encoding: gzip,deflate[\r][\n]"
832530 [main] DEBUG org.apache.http.wire - http-outgoing-1 >> "[\r][\n]"
832546 [main] DEBUG org.apache.http.wire - http-outgoing-1 << "HTTP/1.1 200 [\r][\n]"
832546 [main] DEBUG org.apache.http.wire - http-outgoing-1 << "Content-Type: text/plain;charset=ISO-8859-1[\r][\n]"
832546 [main] DEBUG org.apache.http.wire - http-outgoing-1 << "Transfer-Encoding: chunked[\r][\n]"
832546 [main] DEBUG org.apache.http.wire - http-outgoing-1 << "Date: Fri, 12 Feb 2021 13:57:11 GMT[\r][\n]"
832546 [main] DEBUG org.apache.http.wire - http-outgoing-1 << "Keep-Alive: timeout=60[\r][\n]"
832546 [main] DEBUG org.apache.http.wire - http-outgoing-1 << "Connection: keep-alive[\r][\n]"
832546 [main] DEBUG org.apache.http.wire - http-outgoing-1 << "[\r][\n]"
832546 [main] DEBUG org.apache.http.wire - http-outgoing-1 << "25[\r][\n]"
832546 [main] DEBUG org.apache.http.wire - http-outgoing-1 << "record with id (10) has been deleted.[\r][\n]"
832546 [main] DEBUG org.apache.http.headers - http-outgoing-1 << HTTP/1.1 200 
832546 [main] DEBUG org.apache.http.headers - http-outgoing-1 << Content-Type: text/plain;charset=ISO-8859-1
832546 [main] DEBUG org.apache.http.headers - http-outgoing-1 << Transfer-Encoding: chunked
832546 [main] DEBUG org.apache.http.headers - http-outgoing-1 << Date: Fri, 12 Feb 2021 13:57:11 GMT
832546 [main] DEBUG org.apache.http.headers - http-outgoing-1 << Keep-Alive: timeout=60
832546 [main] DEBUG org.apache.http.headers - http-outgoing-1 << Connection: keep-alive
832546 [main] DEBUG o.a.h.impl.execchain.MainClientExec - Connection can be kept alive for 60000 MILLISECONDS
832546 [main] DEBUG org.apache.http.wire - http-outgoing-1 << "0[\r][\n]"
832546 [main] DEBUG org.apache.http.wire - http-outgoing-1 << "[\r][\n]"
832546 [main] DEBUG o.a.h.i.c.PoolingHttpClientConnectionManager - Connection [id: 1][route: {}->http://localhost:8100] can be kept alive for 60.0 seconds
832546 [main] DEBUG o.a.h.i.c.DefaultManagedHttpClientConnection - http-outgoing-1: set socket timeout to 0
832546 [main] DEBUG o.a.h.i.c.PoolingHttpClientConnectionManager - Connection released: [id: 1][route: {}->http://localhost:8100][total available: 1; route allocated: 1 of 2; total allocated: 1 of 20]
1601074 [main] DEBUG o.a.h.c.protocol.RequestAddCookies - CookieSpec selected: default
1601074 [main] DEBUG o.a.h.c.protocol.RequestAuthCache - Auth cache not set in the context
1601074 [main] DEBUG o.a.h.i.c.PoolingHttpClientConnectionManager - Connection request: [route: {}->http://localhost:8100][total available: 0; route allocated: 0 of 2; total allocated: 0 of 20]
1601074 [main] DEBUG o.a.h.i.c.PoolingHttpClientConnectionManager - Connection leased: [id: 2][route: {}->http://localhost:8100][total available: 0; route allocated: 1 of 2; total allocated: 1 of 20]
1601074 [main] DEBUG o.a.h.impl.execchain.MainClientExec - Opening connection {}->http://localhost:8100
1601074 [main] DEBUG o.a.h.i.c.DefaultHttpClientConnectionOperator - Connecting to localhost/127.0.0.1:8100
1601074 [main] DEBUG o.a.h.i.c.DefaultHttpClientConnectionOperator - Connection established 127.0.0.1:50769<->127.0.0.1:8100
1601074 [main] DEBUG o.a.h.impl.execchain.MainClientExec - Executing request POST /artist HTTP/1.1
1601074 [main] DEBUG o.a.h.impl.execchain.MainClientExec - Target auth state: UNCHALLENGED
1601074 [main] DEBUG o.a.h.impl.execchain.MainClientExec - Proxy auth state: UNCHALLENGED
1601074 [main] DEBUG org.apache.http.headers - http-outgoing-2 >> POST /artist HTTP/1.1
1601074 [main] DEBUG org.apache.http.headers - http-outgoing-2 >> Content-Length: 115
1601074 [main] DEBUG org.apache.http.headers - http-outgoing-2 >> Content-Type: application/x-www-form-urlencoded
1601074 [main] DEBUG org.apache.http.headers - http-outgoing-2 >> Host: localhost:8100
1601074 [main] DEBUG org.apache.http.headers - http-outgoing-2 >> Connection: Keep-Alive
1601074 [main] DEBUG org.apache.http.headers - http-outgoing-2 >> User-Agent: Apache-HttpClient/4.5.13 (Java/1.8.0_271)
1601074 [main] DEBUG org.apache.http.headers - http-outgoing-2 >> Accept-Encoding: gzip,deflate
1601074 [main] DEBUG org.apache.http.wire - http-outgoing-2 >> "POST /artist HTTP/1.1[\r][\n]"
1601074 [main] DEBUG org.apache.http.wire - http-outgoing-2 >> "Content-Length: 115[\r][\n]"
1601074 [main] DEBUG org.apache.http.wire - http-outgoing-2 >> "Content-Type: application/x-www-form-urlencoded[\r][\n]"
1601074 [main] DEBUG org.apache.http.wire - http-outgoing-2 >> "Host: localhost:8100[\r][\n]"
1601074 [main] DEBUG org.apache.http.wire - http-outgoing-2 >> "Connection: Keep-Alive[\r][\n]"
1601074 [main] DEBUG org.apache.http.wire - http-outgoing-2 >> "User-Agent: Apache-HttpClient/4.5.13 (Java/1.8.0_271)[\r][\n]"
1601074 [main] DEBUG org.apache.http.wire - http-outgoing-2 >> "Accept-Encoding: gzip,deflate[\r][\n]"
1601074 [main] DEBUG org.apache.http.wire - http-outgoing-2 >> "[\r][\n]"
1601074 [main] DEBUG org.apache.http.wire - http-outgoing-2 >> "target=artist&operation=add&nickname=my_nickname&firstname=my_firstname&lastname=my_lastname&biography=my_biography"
1601173 [main] DEBUG org.apache.http.wire - http-outgoing-2 << "HTTP/1.1 201 [\r][\n]"
1601173 [main] DEBUG org.apache.http.wire - http-outgoing-2 << "Content-Type: text/plain;charset=ISO-8859-1[\r][\n]"
1601173 [main] DEBUG org.apache.http.wire - http-outgoing-2 << "Transfer-Encoding: chunked[\r][\n]"
1601173 [main] DEBUG org.apache.http.wire - http-outgoing-2 << "Date: Fri, 12 Feb 2021 14:10:00 GMT[\r][\n]"
1601173 [main] DEBUG org.apache.http.wire - http-outgoing-2 << "Keep-Alive: timeout=60[\r][\n]"
1601173 [main] DEBUG org.apache.http.wire - http-outgoing-2 << "Connection: keep-alive[\r][\n]"
1601173 [main] DEBUG org.apache.http.wire - http-outgoing-2 << "[\r][\n]"
1601173 [main] DEBUG org.apache.http.wire - http-outgoing-2 << "7c[\r][\n]"
1601173 [main] DEBUG org.apache.http.wire - http-outgoing-2 << "Artist{id=13, nickname='my_nickname', firstname='my_firstname', lastname='my_lastname', biography='my_biography', albums=[]}[\r][\n]"
1601173 [main] DEBUG org.apache.http.headers - http-outgoing-2 << HTTP/1.1 201 
1601173 [main] DEBUG org.apache.http.headers - http-outgoing-2 << Content-Type: text/plain;charset=ISO-8859-1
1601173 [main] DEBUG org.apache.http.headers - http-outgoing-2 << Transfer-Encoding: chunked
1601173 [main] DEBUG org.apache.http.headers - http-outgoing-2 << Date: Fri, 12 Feb 2021 14:10:00 GMT
1601173 [main] DEBUG org.apache.http.headers - http-outgoing-2 << Keep-Alive: timeout=60
1601173 [main] DEBUG org.apache.http.headers - http-outgoing-2 << Connection: keep-alive
1601173 [main] DEBUG o.a.h.impl.execchain.MainClientExec - Connection can be kept alive for 60000 MILLISECONDS
1601173 [main] DEBUG org.apache.http.wire - http-outgoing-2 << "0[\r][\n]"
1601173 [main] DEBUG org.apache.http.wire - http-outgoing-2 << "[\r][\n]"
1601173 [main] DEBUG o.a.h.i.c.PoolingHttpClientConnectionManager - Connection [id: 2][route: {}->http://localhost:8100] can be kept alive for 60.0 seconds
1601173 [main] DEBUG o.a.h.i.c.DefaultManagedHttpClientConnection - http-outgoing-2: set socket timeout to 0
1601173 [main] DEBUG o.a.h.i.c.PoolingHttpClientConnectionManager - Connection released: [id: 2][route: {}->http://localhost:8100][total available: 1; route allocated: 1 of 2; total allocated: 1 of 20]
1724529 [main] DEBUG o.a.h.c.protocol.RequestAddCookies - CookieSpec selected: default
1724529 [main] DEBUG o.a.h.c.protocol.RequestAuthCache - Auth cache not set in the context
1724529 [main] DEBUG o.a.h.i.c.PoolingHttpClientConnectionManager - Connection request: [route: {}->http://localhost:8100][total available: 0; route allocated: 0 of 2; total allocated: 0 of 20]
1724529 [main] DEBUG o.a.h.i.c.PoolingHttpClientConnectionManager - Connection leased: [id: 3][route: {}->http://localhost:8100][total available: 0; route allocated: 1 of 2; total allocated: 1 of 20]
1724529 [main] DEBUG o.a.h.impl.execchain.MainClientExec - Opening connection {}->http://localhost:8100
1724529 [main] DEBUG o.a.h.i.c.DefaultHttpClientConnectionOperator - Connecting to localhost/127.0.0.1:8100
1724529 [main] DEBUG o.a.h.i.c.DefaultHttpClientConnectionOperator - Connection established 127.0.0.1:50785<->127.0.0.1:8100
1724529 [main] DEBUG o.a.h.impl.execchain.MainClientExec - Executing request PUT /artist HTTP/1.1
1724529 [main] DEBUG o.a.h.impl.execchain.MainClientExec - Target auth state: UNCHALLENGED
1724529 [main] DEBUG o.a.h.impl.execchain.MainClientExec - Proxy auth state: UNCHALLENGED
1724529 [main] DEBUG org.apache.http.headers - http-outgoing-3 >> PUT /artist HTTP/1.1
1724529 [main] DEBUG org.apache.http.headers - http-outgoing-3 >> Content-Length: 131
1724529 [main] DEBUG org.apache.http.headers - http-outgoing-3 >> Content-Type: application/x-www-form-urlencoded
1724529 [main] DEBUG org.apache.http.headers - http-outgoing-3 >> Host: localhost:8100
1724529 [main] DEBUG org.apache.http.headers - http-outgoing-3 >> Connection: Keep-Alive
1724529 [main] DEBUG org.apache.http.headers - http-outgoing-3 >> User-Agent: Apache-HttpClient/4.5.13 (Java/1.8.0_271)
1724529 [main] DEBUG org.apache.http.headers - http-outgoing-3 >> Accept-Encoding: gzip,deflate
1724529 [main] DEBUG org.apache.http.wire - http-outgoing-3 >> "PUT /artist HTTP/1.1[\r][\n]"
1724529 [main] DEBUG org.apache.http.wire - http-outgoing-3 >> "Content-Length: 131[\r][\n]"
1724529 [main] DEBUG org.apache.http.wire - http-outgoing-3 >> "Content-Type: application/x-www-form-urlencoded[\r][\n]"
1724529 [main] DEBUG org.apache.http.wire - http-outgoing-3 >> "Host: localhost:8100[\r][\n]"
1724529 [main] DEBUG org.apache.http.wire - http-outgoing-3 >> "Connection: Keep-Alive[\r][\n]"
1724529 [main] DEBUG org.apache.http.wire - http-outgoing-3 >> "User-Agent: Apache-HttpClient/4.5.13 (Java/1.8.0_271)[\r][\n]"
1724529 [main] DEBUG org.apache.http.wire - http-outgoing-3 >> "Accept-Encoding: gzip,deflate[\r][\n]"
1724529 [main] DEBUG org.apache.http.wire - http-outgoing-3 >> "[\r][\n]"
1724529 [main] DEBUG org.apache.http.wire - http-outgoing-3 >> "target=artist&operation=update&nickname=my_nickname&firstname=my_update_first&lastname=my_update_last&biography=my_update_biography"
1724571 [main] DEBUG org.apache.http.wire - http-outgoing-3 << "HTTP/1.1 201 [\r][\n]"
1724571 [main] DEBUG org.apache.http.wire - http-outgoing-3 << "Content-Type: text/plain;charset=ISO-8859-1[\r][\n]"
1724571 [main] DEBUG org.apache.http.wire - http-outgoing-3 << "Transfer-Encoding: chunked[\r][\n]"
1724571 [main] DEBUG org.apache.http.wire - http-outgoing-3 << "Date: Fri, 12 Feb 2021 14:12:03 GMT[\r][\n]"
1724571 [main] DEBUG org.apache.http.wire - http-outgoing-3 << "Keep-Alive: timeout=60[\r][\n]"
1724571 [main] DEBUG org.apache.http.wire - http-outgoing-3 << "Connection: keep-alive[\r][\n]"
1724571 [main] DEBUG org.apache.http.wire - http-outgoing-3 << "[\r][\n]"
1724571 [main] DEBUG org.apache.http.wire - http-outgoing-3 << "89[\r][\n]"
1724571 [main] DEBUG org.apache.http.wire - http-outgoing-3 << "Artist{id=13, nickname='my_nickname', firstname='my_update_first', lastname='my_update_last', biography='my_update_biography', albums=[]}[\r][\n]"
1724571 [main] DEBUG org.apache.http.headers - http-outgoing-3 << HTTP/1.1 201 
1724571 [main] DEBUG org.apache.http.headers - http-outgoing-3 << Content-Type: text/plain;charset=ISO-8859-1
1724571 [main] DEBUG org.apache.http.headers - http-outgoing-3 << Transfer-Encoding: chunked
1724571 [main] DEBUG org.apache.http.headers - http-outgoing-3 << Date: Fri, 12 Feb 2021 14:12:03 GMT
1724571 [main] DEBUG org.apache.http.headers - http-outgoing-3 << Keep-Alive: timeout=60
1724571 [main] DEBUG org.apache.http.headers - http-outgoing-3 << Connection: keep-alive
1724571 [main] DEBUG o.a.h.impl.execchain.MainClientExec - Connection can be kept alive for 60000 MILLISECONDS
1724571 [main] DEBUG org.apache.http.wire - http-outgoing-3 << "0[\r][\n]"
1724571 [main] DEBUG org.apache.http.wire - http-outgoing-3 << "[\r][\n]"
1724571 [main] DEBUG o.a.h.i.c.PoolingHttpClientConnectionManager - Connection [id: 3][route: {}->http://localhost:8100] can be kept alive for 60.0 seconds
1724571 [main] DEBUG o.a.h.i.c.DefaultManagedHttpClientConnection - http-outgoing-3: set socket timeout to 0
1724571 [main] DEBUG o.a.h.i.c.PoolingHttpClientConnectionManager - Connection released: [id: 3][route: {}->http://localhost:8100][total available: 1; route allocated: 1 of 2; total allocated: 1 of 20]
469  [main] DEBUG o.j.r.p.providers.DocumentProvider - Unable to retrieve config: expandEntityReferences defaults to true
469  [main] DEBUG o.j.r.p.providers.DocumentProvider - Unable to retrieve config: expandEntityReferences defaults to true
641999 [main] DEBUG o.a.h.c.protocol.RequestAddCookies - CookieSpec selected: default
642016 [main] DEBUG o.a.h.c.protocol.RequestAuthCache - Auth cache not set in the context
642018 [main] DEBUG o.a.h.i.c.PoolingHttpClientConnectionManager - Connection request: [route: {}->http://localhost:8100][total available: 0; route allocated: 0 of 2; total allocated: 0 of 20]
642029 [main] DEBUG o.a.h.i.c.PoolingHttpClientConnectionManager - Connection leased: [id: 0][route: {}->http://localhost:8100][total available: 0; route allocated: 1 of 2; total allocated: 1 of 20]
642030 [main] DEBUG o.a.h.impl.execchain.MainClientExec - Opening connection {}->http://localhost:8100
642033 [main] DEBUG o.a.h.i.c.DefaultHttpClientConnectionOperator - Connecting to localhost/127.0.0.1:8100
642036 [main] DEBUG o.a.h.i.c.DefaultHttpClientConnectionOperator - Connection established 127.0.0.1:53196<->127.0.0.1:8100
642036 [main] DEBUG o.a.h.impl.execchain.MainClientExec - Executing request POST /artist HTTP/1.1
642036 [main] DEBUG o.a.h.impl.execchain.MainClientExec - Target auth state: UNCHALLENGED
642037 [main] DEBUG o.a.h.impl.execchain.MainClientExec - Proxy auth state: UNCHALLENGED
642041 [main] DEBUG org.apache.http.headers - http-outgoing-0 >> POST /artist HTTP/1.1
642041 [main] DEBUG org.apache.http.headers - http-outgoing-0 >> Content-Length: 127
642041 [main] DEBUG org.apache.http.headers - http-outgoing-0 >> Content-Type: application/x-www-form-urlencoded
642041 [main] DEBUG org.apache.http.headers - http-outgoing-0 >> Host: localhost:8100
642041 [main] DEBUG org.apache.http.headers - http-outgoing-0 >> Connection: Keep-Alive
642041 [main] DEBUG org.apache.http.headers - http-outgoing-0 >> User-Agent: Apache-HttpClient/4.5.13 (Java/1.8.0_271)
642041 [main] DEBUG org.apache.http.headers - http-outgoing-0 >> Accept-Encoding: gzip,deflate
642041 [main] DEBUG org.apache.http.wire - http-outgoing-0 >> "POST /artist HTTP/1.1[\r][\n]"
642041 [main] DEBUG org.apache.http.wire - http-outgoing-0 >> "Content-Length: 127[\r][\n]"
642041 [main] DEBUG org.apache.http.wire - http-outgoing-0 >> "Content-Type: application/x-www-form-urlencoded[\r][\n]"
642041 [main] DEBUG org.apache.http.wire - http-outgoing-0 >> "Host: localhost:8100[\r][\n]"
642041 [main] DEBUG org.apache.http.wire - http-outgoing-0 >> "Connection: Keep-Alive[\r][\n]"
642041 [main] DEBUG org.apache.http.wire - http-outgoing-0 >> "User-Agent: Apache-HttpClient/4.5.13 (Java/1.8.0_271)[\r][\n]"
642041 [main] DEBUG org.apache.http.wire - http-outgoing-0 >> "Accept-Encoding: gzip,deflate[\r][\n]"
642041 [main] DEBUG org.apache.http.wire - http-outgoing-0 >> "[\r][\n]"
642041 [main] DEBUG org.apache.http.wire - http-outgoing-0 >> "target=artist&operation=add&nickname=test_nickname_1&firstname=first_name_test&lastname=last_name_test&biography=test_biography"
644903 [main] DEBUG org.apache.http.wire - http-outgoing-0 << "HTTP/1.1 500 [\r][\n]"
644903 [main] DEBUG org.apache.http.wire - http-outgoing-0 << "Content-Type: application/json[\r][\n]"
644903 [main] DEBUG org.apache.http.wire - http-outgoing-0 << "Transfer-Encoding: chunked[\r][\n]"
644903 [main] DEBUG org.apache.http.wire - http-outgoing-0 << "Date: Fri, 12 Feb 2021 15:46:30 GMT[\r][\n]"
644904 [main] DEBUG org.apache.http.wire - http-outgoing-0 << "Connection: close[\r][\n]"
644904 [main] DEBUG org.apache.http.wire - http-outgoing-0 << "[\r][\n]"
644904 [main] DEBUG org.apache.http.wire - http-outgoing-0 << "2000[\r][\n]"
644904 [main] DEBUG org.apache.http.wire - http-outgoing-0 << "{"timestamp":"2021-02-12T15:46:30.539+00:00","status":500,"error":"Internal Server Error","trace":"feign.RetryableException: Read timed out executing POST http://repository.implementation/artist/add\r\n\tat feign.FeignException.errorExecuting(FeignException.java:249)\r\n\tat feign.SynchronousMethodHandler.executeAndDecode(SynchronousMethodHandler.java:129)\r\n\tat feign.SynchronousMethodHandler.invoke(SynchronousMethodHandler.java:89)\r\n\tat feign.ReflectiveFeign$FeignInvocationHandler.invoke(ReflectiveFeign.java:100)\r\n\tat com.sun.proxy.$Proxy142.addArtist(Unknown Source)\r\n\tat com.soen487.rest.project.data.service.artist.controller.ArtistServiceServlet.doPost(ArtistServiceServlet.java:74)\r\n\tat javax.servlet.http.HttpServlet.service(HttpServlet.java:652)\r\n\tat javax.servlet.http.HttpServlet.service(HttpServlet.java:733)\r\n\tat org.apache.catalina.core.ApplicationFilterChain.internalDoFilter(ApplicationFilterChain.java:231)\r\n\tat org.apache.catalina.core.ApplicationFilterChain.doFilter(ApplicationFilterChain.java:166)\r\n\tat org.apache.tomcat.websocket.server.WsFilter.doFilter(WsFilter.java:53)\r\n\tat org.apache.catalina.core.ApplicationFilterChain.internalDoFilter(ApplicationFilterChain.java:193)\r\n\tat org.apache.catalina.core.ApplicationFilterChain.doFilter(ApplicationFilterChain.java:166)\r\n\tat org.springframework.web.filter.RequestContextFilter.doFilterInternal(RequestContextFilter.java:100)\r\n\tat org.springframework.web.filter.OncePerRequestFilter.doFilter(OncePerRequestFilter.java:119)\r\n\tat org.apache.catalina.core.ApplicationFilterChain.internalDoFilter(ApplicationFilterChain.java:193)\r\n\tat org.apache.catalina.core.ApplicationFilterChain.doFilter(ApplicationFilterChain.java:166)\r\n\tat org.springframework.web.filter.FormContentFilter.doFilterInternal(FormContentFilter.java:93)\r\n\tat org.springframework.web.filter.OncePerRequestFilter.doFilter(OncePerRequestFilter.java:119)\r\n\tat org.apache.catalina.core.ApplicationFilterChain.internalDoFilter(ApplicationFilterChain.java:193)\r\n\tat org.apache.catalina.core.ApplicationFilterChain.doFilter(ApplicationFilterChain.java:166)\r\n\tat org.springframework.boot.actuate.metrics.web.servlet.WebMvcMetricsFilter.doFilterInternal(WebMvcMetricsFilter.java:93)\r\n\tat org.springframework.web.filter.OncePerRequestFilter.doFilter(OncePerRequestFilter.java:119)\r\n\tat org.apache.catalina.core.ApplicationFilterChain.internalDoFilter(ApplicationFilterChain.java:193)\r\n\tat org.apache.catalina.core.ApplicationFilterChain.doFilter(ApplicationFilterChain.java:166)\r\n\tat org.springframework.web.filter.CharacterEncodingFilter.doFilterInternal(CharacterEncodingFilter.java:201)\r\n\tat org.springframework.web.filter.OncePerRequestFilter.doFilter(OncePerRequestFilter.java:119)\r\n\tat org.apache.catalina.core.ApplicationFilterChain.internalDoFilter(ApplicationFilterChain.java:193)\r\n\tat org.apache.catalina.core.ApplicationFilterChain.doFilter(ApplicationFilterChain.java:166)\r\n\tat org.apache.catalina.core.StandardWrapperValve.invoke(StandardWrapperValve.java:202)\r\n\tat org.apache.catalina.core.StandardContextValve.invoke(StandardContextValve.java:97)\r\n\tat org.apache.catalina.authenticator.AuthenticatorBase.invoke(AuthenticatorBase.java:542)\r\n\tat org.apache.catalina.core.StandardHostValve.invoke(StandardHostValve.java:143)\r\n\tat org.apache.catalina.valves.ErrorReportValve.invoke(ErrorReportValve.java:92)\r\n\tat org.apache.catalina.core.StandardEngineValve.invoke(StandardEngineValve.java:78)\r\n\tat org.apache.catalina.connector.CoyoteAdapter.service(CoyoteAdapter.java:343)\r\n\tat org.apache.coyote.http11.Http11Processor.service(Http11Processor.java:374)\r\n\tat org.apache.coyote.AbstractProcessorLight.process(AbstractProcessorLight.java:65)\r\n\tat org.apache.coyote.AbstractProtocol$ConnectionHandler.process(AbstractProtocol.java:888)\r\n\tat org.apache.tomcat.util.net.NioEndpoint$SocketProcessor.doRun(NioEndpoint.java:1597)\r\n\tat org.apache.tomcat.util.net.SocketProcessorBase.run(SocketProcessorBase.java:49)\r\n\tat java.util.concurrent.ThreadPoolExecutor.runWorker(ThreadPoolExecutor.java:1149)\r\n\tat java.util.concurrent.ThreadPoolExecutor$Worker.run(ThreadPoolExecutor.java:624)\r\n\tat org.apache.tomcat.util.threads.TaskThread$WrappingRunnable.run(TaskThread.java:61)\r\n\tat java.lang.Thread.run(Thread.java:748)\r\nCaused by: java.net.SocketTimeoutException: Read timed out\r\n\tat java.net.SocketInputStream.socketRead0(Native Method)\r\n\tat java.net.SocketInputStream.socketRead(SocketInputStream.java:116)\r\n\tat java.net.SocketInputStream.read(SocketInputStream.java:171)\r\n\tat java.net.SocketInputStream.read(SocketInputStream.java:141)\r\n\tat java.io.BufferedInputStream.fill(BufferedInputStream.java:246)\r\n\tat java.io.BufferedInputStream.read1(BufferedInputStream.java:286)\r\n\tat java.io.BufferedInputStream.read(BufferedInputStream.java:345)\r\n\tat sun.net.www.http.HttpClient.parseHTTPHeader(HttpClient.java:735)\r\n\tat sun.net.www.http.HttpClient.parseHTTP(HttpClient.java:678)\r\n\tat sun.net.www.protocol.http.HttpURLConnection.getInputStream0(HttpURLConnection.java:1593)\r\n\tat sun.net.www.protocol.http.HttpURLConnection.getInputStream(HttpURLConnection.java:1498)\r\n\tat java.net.HttpURLConnection.getResponseCode(HttpURLConnection.java:480)\r\n\tat feign.Client$Default.convertResponse(Client.java:108)\r\n\tat feign.Client$Default.execute(Client.java:104)\r\n\tat org.springframework.cloud.openfeign.ribbon.FeignLoadBalancer.execute(FeignLoadBalancer.java:92)\r\n\tat org.springframework.cloud.openfeign.ribbon.FeignLoadBalancer.execute(FeignLoadBalancer.java:55)\r\n\tat com.netflix.client.AbstractLoadBalancerAwareClient$1.call(AbstractLoadBalancerAwareClient.java:104)\r\n\tat com.netflix.loadbalancer.reactive.LoadBalancerCommand$3$1.call(LoadBalancerCommand.java:303)\r\n\tat com.netflix.loadbalancer.reactive.LoadBalancerCommand$3$1.call(LoadBalancerCommand.java:287)\r\n\tat rx.internal.util.ScalarSynchronousObservable$3.call(ScalarSynchronousObservable.java:231)\r\n\tat rx.internal.util.ScalarSynchronousObservable$3.call(ScalarSynchronousObservable.java:228)\r\n\tat rx.Observable.unsafeSubscribe(Observable.java:10327)\r\n\tat rx.internal.operators.OnSubscribeConcatMap$ConcatMapSubscriber.drain(OnSubscribeConcatMap.java:286)\r\n\tat rx.internal.operators.OnSubscribeConcatMap$ConcatMapSubscriber.onNext(OnSubscribeConcatMap.java:144)\r\n\tat com.netflix.loadbalancer.reactive.LoadBalancerCommand$1.call(LoadBalancerCommand.java:185)\r\n\tat com.netflix.loadbalancer.reactive.LoadBalancerCommand$1.call(LoadBalancerCommand.java:180)\r\n\tat rx.Observable.unsafeSubscribe(Observable.java:10327)\r\n\tat rx.internal.operators.OnSubscribeConcatMap.call(OnSubscribeConcatMap.java:94)\r\n\tat rx.internal.operators.OnSubscribeConcatMap.call(OnSubscribeConcatMap.java:42)\r\n\tat rx.Observable.unsafeSubscribe(Observable.java:10327)\r\n\tat rx.internal.operators.OperatorRetryWithPredicate$SourceSubscriber$1.call(OperatorRetryWithPredicate.java:127)\r\n\tat rx.internal.schedulers.TrampolineScheduler$InnerCurrentThreadScheduler.enqueue(TrampolineScheduler.java:73)\r\n\tat rx.internal.schedulers.TrampolineScheduler$InnerCurrentThreadScheduler.schedule(TrampolineScheduler.java:52)\r\n\tat rx.internal.operators.OperatorRetryWithPredicate$SourceSubscriber.onNext(OperatorRetryWithPredicate.java:79)\r\n\tat rx.internal.operators.OperatorRetryWithPredicate$SourceSubscriber.onNext(OperatorRetryWithPredicate.java:45)\r\n\tat rx.internal.util.ScalarSynchronousObservable$WeakSingleProducer.request(ScalarSynchronousObservable.java:276)\r\n\tat rx.Subscriber.setProducer(Subscriber.java:209)\r\n\tat rx.internal.util.ScalarSynchronousObservable$JustOnSubscribe.call(ScalarSynchronousObservable.java:138)\r\n\tat rx.internal.util.ScalarSynchronousObservable$JustOnSubscribe.call(ScalarSynchronousObservable.java:129)\r\n\tat rx.internal.operators.OnSubscribeLift.call(OnSubscribeLift.java:48)\r\n\tat rx.internal.operators.OnSubscribeLift.call(OnSub"
644907 [main] DEBUG org.apache.http.headers - http-outgoing-0 << HTTP/1.1 500 
644907 [main] DEBUG org.apache.http.headers - http-outgoing-0 << Content-Type: application/json
644907 [main] DEBUG org.apache.http.headers - http-outgoing-0 << Transfer-Encoding: chunked
644907 [main] DEBUG org.apache.http.headers - http-outgoing-0 << Date: Fri, 12 Feb 2021 15:46:30 GMT
644907 [main] DEBUG org.apache.http.headers - http-outgoing-0 << Connection: close
644921 [main] DEBUG org.apache.http.wire - http-outgoing-0 << "scribeLift.java:30)\r\n\tat rx.internal.operators.OnSubscribeLift.call(OnSubscribeLift.java:48)\r\n\tat rx.internal.operators.OnSubscribeLi[\r][\n]"
644922 [main] DEBUG org.apache.http.wire - http-outgoing-0 << "394[\r][\n]"
644922 [main] DEBUG org.apache.http.wire - http-outgoing-0 << "ft.call(OnSubscribeLift.java:30)\r\n\tat rx.internal.operators.OnSubscribeLift.call(OnSubscribeLift.java:48)\r\n\tat rx.internal.operators.OnSubscribeLift.call(OnSubscribeLift.java:30)\r\n\tat rx.Observable.subscribe(Observable.java:10423)\r\n\tat rx.Observable.subscribe(Observable.java:10390)\r\n\tat rx.observables.BlockingObservable.blockForSingle(BlockingObservable.java:443)\r\n\tat rx.observables.BlockingObservable.single(BlockingObservable.java:340)\r\n\tat com.netflix.client.AbstractLoadBalancerAwareClient.executeWithLoadBalancer(AbstractLoadBalancerAwareClient.java:112)\r\n\tat org.springframework.cloud.openfeign.ribbon.LoadBalancerFeignClient.execute(LoadBalancerFeignClient.java:83)\r\n\tat feign.SynchronousMethodHandler.executeAndDecode(SynchronousMethodHandler.java:119)\r\n\t... 43 more\r\n","message":"Read timed out executing POST http://repository.implementation/artist/add","path":"/artist"}[\r][\n]"
644922 [main] DEBUG org.apache.http.wire - http-outgoing-0 << "0[\r][\n]"
644922 [main] DEBUG org.apache.http.wire - http-outgoing-0 << "[\r][\n]"
644922 [main] DEBUG o.a.h.i.c.DefaultManagedHttpClientConnection - http-outgoing-0: Close connection
644923 [main] DEBUG o.a.h.impl.execchain.MainClientExec - Connection discarded
644924 [main] DEBUG o.a.h.i.c.PoolingHttpClientConnectionManager - Connection released: [id: 0][route: {}->http://localhost:8100][total available: 0; route allocated: 0 of 2; total allocated: 0 of 20]
755352 [main] DEBUG o.a.h.c.protocol.RequestAddCookies - CookieSpec selected: default
755353 [main] DEBUG o.a.h.c.protocol.RequestAuthCache - Auth cache not set in the context
755354 [main] DEBUG o.a.h.i.c.PoolingHttpClientConnectionManager - Connection request: [route: {}->http://localhost:8100][total available: 0; route allocated: 0 of 2; total allocated: 0 of 20]
755355 [main] DEBUG o.a.h.i.c.PoolingHttpClientConnectionManager - Connection leased: [id: 1][route: {}->http://localhost:8100][total available: 0; route allocated: 1 of 2; total allocated: 1 of 20]
755355 [main] DEBUG o.a.h.impl.execchain.MainClientExec - Opening connection {}->http://localhost:8100
755356 [main] DEBUG o.a.h.i.c.DefaultHttpClientConnectionOperator - Connecting to localhost/127.0.0.1:8100
755357 [main] DEBUG o.a.h.i.c.DefaultHttpClientConnectionOperator - Connection established 127.0.0.1:53223<->127.0.0.1:8100
755357 [main] DEBUG o.a.h.impl.execchain.MainClientExec - Executing request DELETE /artist?target=artist&operation=delete&nickname=test_nickname_1 HTTP/1.1
755358 [main] DEBUG o.a.h.impl.execchain.MainClientExec - Target auth state: UNCHALLENGED
755358 [main] DEBUG o.a.h.impl.execchain.MainClientExec - Proxy auth state: UNCHALLENGED
755358 [main] DEBUG org.apache.http.headers - http-outgoing-1 >> DELETE /artist?target=artist&operation=delete&nickname=test_nickname_1 HTTP/1.1
755358 [main] DEBUG org.apache.http.headers - http-outgoing-1 >> Host: localhost:8100
755358 [main] DEBUG org.apache.http.headers - http-outgoing-1 >> Connection: Keep-Alive
755358 [main] DEBUG org.apache.http.headers - http-outgoing-1 >> User-Agent: Apache-HttpClient/4.5.13 (Java/1.8.0_271)
755358 [main] DEBUG org.apache.http.headers - http-outgoing-1 >> Accept-Encoding: gzip,deflate
755358 [main] DEBUG org.apache.http.wire - http-outgoing-1 >> "DELETE /artist?target=artist&operation=delete&nickname=test_nickname_1 HTTP/1.1[\r][\n]"
755358 [main] DEBUG org.apache.http.wire - http-outgoing-1 >> "Host: localhost:8100[\r][\n]"
755358 [main] DEBUG org.apache.http.wire - http-outgoing-1 >> "Connection: Keep-Alive[\r][\n]"
755358 [main] DEBUG org.apache.http.wire - http-outgoing-1 >> "User-Agent: Apache-HttpClient/4.5.13 (Java/1.8.0_271)[\r][\n]"
755358 [main] DEBUG org.apache.http.wire - http-outgoing-1 >> "Accept-Encoding: gzip,deflate[\r][\n]"
755358 [main] DEBUG org.apache.http.wire - http-outgoing-1 >> "[\r][\n]"
755649 [main] DEBUG org.apache.http.wire - http-outgoing-1 << "HTTP/1.1 200 [\r][\n]"
755649 [main] DEBUG org.apache.http.wire - http-outgoing-1 << "Content-Type: text/plain;charset=ISO-8859-1[\r][\n]"
755649 [main] DEBUG org.apache.http.wire - http-outgoing-1 << "Transfer-Encoding: chunked[\r][\n]"
755649 [main] DEBUG org.apache.http.wire - http-outgoing-1 << "Date: Fri, 12 Feb 2021 15:48:21 GMT[\r][\n]"
755649 [main] DEBUG org.apache.http.wire - http-outgoing-1 << "Keep-Alive: timeout=60[\r][\n]"
755649 [main] DEBUG org.apache.http.wire - http-outgoing-1 << "Connection: keep-alive[\r][\n]"
755649 [main] DEBUG org.apache.http.wire - http-outgoing-1 << "[\r][\n]"
755649 [main] DEBUG org.apache.http.wire - http-outgoing-1 << "25[\r][\n]"
755649 [main] DEBUG org.apache.http.wire - http-outgoing-1 << "record with id (14) has been deleted.[\r][\n]"
755649 [main] DEBUG org.apache.http.headers - http-outgoing-1 << HTTP/1.1 200 
755649 [main] DEBUG org.apache.http.headers - http-outgoing-1 << Content-Type: text/plain;charset=ISO-8859-1
755649 [main] DEBUG org.apache.http.headers - http-outgoing-1 << Transfer-Encoding: chunked
755649 [main] DEBUG org.apache.http.headers - http-outgoing-1 << Date: Fri, 12 Feb 2021 15:48:21 GMT
755649 [main] DEBUG org.apache.http.headers - http-outgoing-1 << Keep-Alive: timeout=60
755649 [main] DEBUG org.apache.http.headers - http-outgoing-1 << Connection: keep-alive
755651 [main] DEBUG o.a.h.impl.execchain.MainClientExec - Connection can be kept alive for 60000 MILLISECONDS
755652 [main] DEBUG org.apache.http.wire - http-outgoing-1 << "0[\r][\n]"
755652 [main] DEBUG org.apache.http.wire - http-outgoing-1 << "[\r][\n]"
755652 [main] DEBUG o.a.h.i.c.PoolingHttpClientConnectionManager - Connection [id: 1][route: {}->http://localhost:8100] can be kept alive for 60.0 seconds
755652 [main] DEBUG o.a.h.i.c.DefaultManagedHttpClientConnection - http-outgoing-1: set socket timeout to 0
755652 [main] DEBUG o.a.h.i.c.PoolingHttpClientConnectionManager - Connection released: [id: 1][route: {}->http://localhost:8100][total available: 1; route allocated: 1 of 2; total allocated: 1 of 20]
839420 [main] DEBUG o.a.h.i.c.BasicClientConnectionManager - Get connection for route {}->http://localhost:8080
839430 [main] DEBUG o.a.h.i.c.DefaultClientConnectionOperator - Connecting to localhost:8080
839440 [main] DEBUG o.a.h.c.protocol.RequestAddCookies - CookieSpec selected: default
839441 [main] DEBUG o.a.h.c.protocol.RequestAuthCache - Auth cache not set in the context
839441 [main] DEBUG o.a.h.c.p.RequestTargetAuthentication - Target auth state: UNCHALLENGED
839442 [main] DEBUG o.a.h.c.p.RequestProxyAuthentication - Proxy auth state: UNCHALLENGED
839442 [main] DEBUG o.a.h.impl.client.DefaultHttpClient - Attempt 1 to execute request
839442 [main] DEBUG o.a.h.i.c.DefaultClientConnection - Sending request: POST /album/add HTTP/1.1
839443 [main] DEBUG org.apache.http.wire -  >> "POST /album/add HTTP/1.1[\r][\n]"
839443 [main] DEBUG org.apache.http.wire -  >> "Content-Type: application/x-www-form-urlencoded[\r][\n]"
839443 [main] DEBUG org.apache.http.wire -  >> "Accept-Encoding: gzip, deflate[\r][\n]"
839444 [main] DEBUG org.apache.http.wire -  >> "Accept: text/plain[\r][\n]"
839444 [main] DEBUG org.apache.http.wire -  >> "Content-Length: 33[\r][\n]"
839444 [main] DEBUG org.apache.http.wire -  >> "Host: localhost:8080[\r][\n]"
839444 [main] DEBUG org.apache.http.wire -  >> "Connection: Keep-Alive[\r][\n]"
839444 [main] DEBUG org.apache.http.wire -  >> "User-Agent: Apache-HttpClient/4.5.13 (Java/1.8.0_271)[\r][\n]"
839444 [main] DEBUG org.apache.http.wire -  >> "[\r][\n]"
839444 [main] DEBUG org.apache.http.headers - >> POST /album/add HTTP/1.1
839444 [main] DEBUG org.apache.http.headers - >> Content-Type: application/x-www-form-urlencoded
839444 [main] DEBUG org.apache.http.headers - >> Accept-Encoding: gzip, deflate
839444 [main] DEBUG org.apache.http.headers - >> Accept: text/plain
839444 [main] DEBUG org.apache.http.headers - >> Content-Length: 33
839444 [main] DEBUG org.apache.http.headers - >> Host: localhost:8080
839444 [main] DEBUG org.apache.http.headers - >> Connection: Keep-Alive
839444 [main] DEBUG org.apache.http.headers - >> User-Agent: Apache-HttpClient/4.5.13 (Java/1.8.0_271)
839444 [main] DEBUG org.apache.http.wire -  >> "released_year=2000&isrc=1&title=1"
842730 [main] DEBUG org.apache.http.wire -  << "HTTP/1.1 400 [\r][\n]"
842731 [main] DEBUG org.apache.http.wire -  << "Content-Type: text/plain[\r][\n]"
842731 [main] DEBUG org.apache.http.wire -  << "Content-Length: 104[\r][\n]"
842731 [main] DEBUG org.apache.http.wire -  << "Date: Fri, 12 Feb 2021 15:49:48 GMT[\r][\n]"
842731 [main] DEBUG org.apache.http.wire -  << "Connection: close[\r][\n]"
842731 [main] DEBUG org.apache.http.wire -  << "[\r][\n]"
842731 [main] DEBUG o.a.h.i.c.DefaultClientConnection - Receiving response: HTTP/1.1 400 
842732 [main] DEBUG org.apache.http.headers - << HTTP/1.1 400 
842732 [main] DEBUG org.apache.http.headers - << Content-Type: text/plain
842732 [main] DEBUG org.apache.http.headers - << Content-Length: 104
842732 [main] DEBUG org.apache.http.headers - << Date: Fri, 12 Feb 2021 15:49:48 GMT
842732 [main] DEBUG org.apache.http.headers - << Connection: close
842770 [main] DEBUG org.apache.http.wire -  << "parameter(s) passed in is(are) not enough, isrc, title, description and released year must not be empty!"
842770 [main] DEBUG o.a.h.i.c.BasicClientConnectionManager - Releasing connection org.apache.http.impl.conn.ManagedClientConnectionImpl@1de5f259
842771 [main] DEBUG o.a.h.i.c.DefaultClientConnection - Connection 0.0.0.0:53243<->127.0.0.1:8080 shut down
878025 [main] DEBUG o.a.h.i.c.BasicClientConnectionManager - Get connection for route {}->http://localhost:8080
878026 [main] DEBUG o.a.h.i.c.DefaultClientConnectionOperator - Connecting to localhost:8080
878027 [main] DEBUG o.a.h.c.protocol.RequestAddCookies - CookieSpec selected: default
878031 [main] DEBUG o.a.h.c.protocol.RequestAuthCache - Auth cache not set in the context
878032 [main] DEBUG o.a.h.c.p.RequestTargetAuthentication - Target auth state: UNCHALLENGED
878032 [main] DEBUG o.a.h.c.p.RequestProxyAuthentication - Proxy auth state: UNCHALLENGED
878032 [main] DEBUG o.a.h.impl.client.DefaultHttpClient - Attempt 1 to execute request
878032 [main] DEBUG o.a.h.i.c.DefaultClientConnection - Sending request: POST /album/add HTTP/1.1
878032 [main] DEBUG org.apache.http.wire -  >> "POST /album/add HTTP/1.1[\r][\n]"
878032 [main] DEBUG org.apache.http.wire -  >> "Content-Type: application/x-www-form-urlencoded[\r][\n]"
878032 [main] DEBUG org.apache.http.wire -  >> "Accept-Encoding: gzip, deflate[\r][\n]"
878032 [main] DEBUG org.apache.http.wire -  >> "Accept: text/plain[\r][\n]"
878032 [main] DEBUG org.apache.http.wire -  >> "Content-Length: 50[\r][\n]"
878032 [main] DEBUG org.apache.http.wire -  >> "Host: localhost:8080[\r][\n]"
878032 [main] DEBUG org.apache.http.wire -  >> "Connection: Keep-Alive[\r][\n]"
878032 [main] DEBUG org.apache.http.wire -  >> "User-Agent: Apache-HttpClient/4.5.13 (Java/1.8.0_271)[\r][\n]"
878032 [main] DEBUG org.apache.http.wire -  >> "[\r][\n]"
878032 [main] DEBUG org.apache.http.headers - >> POST /album/add HTTP/1.1
878032 [main] DEBUG org.apache.http.headers - >> Content-Type: application/x-www-form-urlencoded
878033 [main] DEBUG org.apache.http.headers - >> Accept-Encoding: gzip, deflate
878033 [main] DEBUG org.apache.http.headers - >> Accept: text/plain
878033 [main] DEBUG org.apache.http.headers - >> Content-Length: 50
878033 [main] DEBUG org.apache.http.headers - >> Host: localhost:8080
878033 [main] DEBUG org.apache.http.headers - >> Connection: Keep-Alive
878033 [main] DEBUG org.apache.http.headers - >> User-Agent: Apache-HttpClient/4.5.13 (Java/1.8.0_271)
878033 [main] DEBUG org.apache.http.wire -  >> "released_year=2000&isrc=1111&title=test_demo_title"
878049 [main] DEBUG org.apache.http.wire -  << "HTTP/1.1 400 [\r][\n]"
878050 [main] DEBUG org.apache.http.wire -  << "Content-Type: text/plain[\r][\n]"
878050 [main] DEBUG org.apache.http.wire -  << "Content-Length: 104[\r][\n]"
878050 [main] DEBUG org.apache.http.wire -  << "Date: Fri, 12 Feb 2021 15:50:23 GMT[\r][\n]"
878050 [main] DEBUG org.apache.http.wire -  << "Connection: close[\r][\n]"
878050 [main] DEBUG org.apache.http.wire -  << "[\r][\n]"
878050 [main] DEBUG o.a.h.i.c.DefaultClientConnection - Receiving response: HTTP/1.1 400 
878050 [main] DEBUG org.apache.http.headers - << HTTP/1.1 400 
878050 [main] DEBUG org.apache.http.headers - << Content-Type: text/plain
878050 [main] DEBUG org.apache.http.headers - << Content-Length: 104
878050 [main] DEBUG org.apache.http.headers - << Date: Fri, 12 Feb 2021 15:50:23 GMT
878050 [main] DEBUG org.apache.http.headers - << Connection: close
878051 [main] DEBUG org.apache.http.wire -  << "parameter(s) passed in is(are) not enough, isrc, title, description and released year must not be empty!"
878051 [main] DEBUG o.a.h.i.c.BasicClientConnectionManager - Releasing connection org.apache.http.impl.conn.ManagedClientConnectionImpl@729d991e
878051 [main] DEBUG o.a.h.i.c.DefaultClientConnection - Connection 0.0.0.0:53250<->127.0.0.1:8080 shut down
904721 [main] DEBUG o.a.h.i.c.BasicClientConnectionManager - Get connection for route {}->http://localhost:8080
904721 [main] DEBUG o.a.h.i.c.DefaultClientConnectionOperator - Connecting to localhost:8080
904722 [main] DEBUG o.a.h.c.protocol.RequestAddCookies - CookieSpec selected: default
904722 [main] DEBUG o.a.h.c.protocol.RequestAuthCache - Auth cache not set in the context
904722 [main] DEBUG o.a.h.c.p.RequestTargetAuthentication - Target auth state: UNCHALLENGED
904722 [main] DEBUG o.a.h.c.p.RequestProxyAuthentication - Proxy auth state: UNCHALLENGED
904722 [main] DEBUG o.a.h.impl.client.DefaultHttpClient - Attempt 1 to execute request
904722 [main] DEBUG o.a.h.i.c.DefaultClientConnection - Sending request: POST /album/add HTTP/1.1
904722 [main] DEBUG org.apache.http.wire -  >> "POST /album/add HTTP/1.1[\r][\n]"
904722 [main] DEBUG org.apache.http.wire -  >> "Content-Type: application/x-www-form-urlencoded[\r][\n]"
904722 [main] DEBUG org.apache.http.wire -  >> "Accept-Encoding: gzip, deflate[\r][\n]"
904722 [main] DEBUG org.apache.http.wire -  >> "Accept: text/plain[\r][\n]"
904722 [main] DEBUG org.apache.http.wire -  >> "Content-Length: 47[\r][\n]"
904722 [main] DEBUG org.apache.http.wire -  >> "Host: localhost:8080[\r][\n]"
904722 [main] DEBUG org.apache.http.wire -  >> "Connection: Keep-Alive[\r][\n]"
904723 [main] DEBUG org.apache.http.wire -  >> "User-Agent: Apache-HttpClient/4.5.13 (Java/1.8.0_271)[\r][\n]"
904723 [main] DEBUG org.apache.http.wire -  >> "[\r][\n]"
904723 [main] DEBUG org.apache.http.headers - >> POST /album/add HTTP/1.1
904723 [main] DEBUG org.apache.http.headers - >> Content-Type: application/x-www-form-urlencoded
904723 [main] DEBUG org.apache.http.headers - >> Accept-Encoding: gzip, deflate
904723 [main] DEBUG org.apache.http.headers - >> Accept: text/plain
904723 [main] DEBUG org.apache.http.headers - >> Content-Length: 47
904723 [main] DEBUG org.apache.http.headers - >> Host: localhost:8080
904723 [main] DEBUG org.apache.http.headers - >> Connection: Keep-Alive
904723 [main] DEBUG org.apache.http.headers - >> User-Agent: Apache-HttpClient/4.5.13 (Java/1.8.0_271)
904723 [main] DEBUG org.apache.http.wire -  >> "released_year=2000&isrc=11BBAA&title=demo_title"
904730 [main] DEBUG org.apache.http.wire -  << "HTTP/1.1 400 [\r][\n]"
904731 [main] DEBUG org.apache.http.wire -  << "Content-Type: text/plain[\r][\n]"
904731 [main] DEBUG org.apache.http.wire -  << "Content-Length: 104[\r][\n]"
904731 [main] DEBUG org.apache.http.wire -  << "Date: Fri, 12 Feb 2021 15:50:50 GMT[\r][\n]"
904731 [main] DEBUG org.apache.http.wire -  << "Connection: close[\r][\n]"
904731 [main] DEBUG org.apache.http.wire -  << "[\r][\n]"
904731 [main] DEBUG o.a.h.i.c.DefaultClientConnection - Receiving response: HTTP/1.1 400 
904731 [main] DEBUG org.apache.http.headers - << HTTP/1.1 400 
904731 [main] DEBUG org.apache.http.headers - << Content-Type: text/plain
904731 [main] DEBUG org.apache.http.headers - << Content-Length: 104
904731 [main] DEBUG org.apache.http.headers - << Date: Fri, 12 Feb 2021 15:50:50 GMT
904731 [main] DEBUG org.apache.http.headers - << Connection: close
904731 [main] DEBUG org.apache.http.wire -  << "parameter(s) passed in is(are) not enough, isrc, title, description and released year must not be empty!"
904732 [main] DEBUG o.a.h.i.c.BasicClientConnectionManager - Releasing connection org.apache.http.impl.conn.ManagedClientConnectionImpl@31fa1761
904732 [main] DEBUG o.a.h.i.c.DefaultClientConnection - Connection 0.0.0.0:53252<->127.0.0.1:8080 shut down
1421449 [main] DEBUG o.a.h.i.c.BasicClientConnectionManager - Get connection for route {}->http://localhost:8080
1421465 [main] DEBUG o.a.h.i.c.DefaultClientConnectionOperator - Connecting to localhost:8080
1421480 [main] DEBUG o.a.h.c.protocol.RequestAddCookies - CookieSpec selected: default
1421480 [main] DEBUG o.a.h.c.protocol.RequestAuthCache - Auth cache not set in the context
1421480 [main] DEBUG o.a.h.c.p.RequestTargetAuthentication - Target auth state: UNCHALLENGED
1421480 [main] DEBUG o.a.h.c.p.RequestProxyAuthentication - Proxy auth state: UNCHALLENGED
1421480 [main] DEBUG o.a.h.impl.client.DefaultHttpClient - Attempt 1 to execute request
1421480 [main] DEBUG o.a.h.i.c.DefaultClientConnection - Sending request: POST /album/add HTTP/1.1
1421480 [main] DEBUG org.apache.http.wire -  >> "POST /album/add HTTP/1.1[\r][\n]"
1421480 [main] DEBUG org.apache.http.wire -  >> "Content-Type: application/x-www-form-urlencoded[\r][\n]"
1421480 [main] DEBUG org.apache.http.wire -  >> "Accept-Encoding: gzip, deflate[\r][\n]"
1421480 [main] DEBUG org.apache.http.wire -  >> "Accept: text/plain[\r][\n]"
1421480 [main] DEBUG org.apache.http.wire -  >> "Content-Length: 49[\r][\n]"
1421480 [main] DEBUG org.apache.http.wire -  >> "Host: localhost:8080[\r][\n]"
1421480 [main] DEBUG org.apache.http.wire -  >> "Connection: Keep-Alive[\r][\n]"
1421480 [main] DEBUG org.apache.http.wire -  >> "User-Agent: Apache-HttpClient/4.5.13 (Java/1.8.0_271)[\r][\n]"
1421480 [main] DEBUG org.apache.http.wire -  >> "[\r][\n]"
1421480 [main] DEBUG org.apache.http.headers - >> POST /album/add HTTP/1.1
1421480 [main] DEBUG org.apache.http.headers - >> Content-Type: application/x-www-form-urlencoded
1421480 [main] DEBUG org.apache.http.headers - >> Accept-Encoding: gzip, deflate
1421480 [main] DEBUG org.apache.http.headers - >> Accept: text/plain
1421480 [main] DEBUG org.apache.http.headers - >> Content-Length: 49
1421480 [main] DEBUG org.apache.http.headers - >> Host: localhost:8080
1421480 [main] DEBUG org.apache.http.headers - >> Connection: Keep-Alive
1421480 [main] DEBUG org.apache.http.headers - >> User-Agent: Apache-HttpClient/4.5.13 (Java/1.8.0_271)
1421480 [main] DEBUG org.apache.http.wire -  >> "released_year=2000&isrc=11AABBCC&title=demo_title"
1421527 [main] DEBUG org.apache.http.wire -  << "HTTP/1.1 400 [\r][\n]"
1421543 [main] DEBUG org.apache.http.wire -  << "Content-Type: text/plain[\r][\n]"
1421543 [main] DEBUG org.apache.http.wire -  << "Content-Length: 104[\r][\n]"
1421543 [main] DEBUG org.apache.http.wire -  << "Date: Fri, 12 Feb 2021 15:59:27 GMT[\r][\n]"
1421543 [main] DEBUG org.apache.http.wire -  << "Connection: close[\r][\n]"
1421543 [main] DEBUG org.apache.http.wire -  << "[\r][\n]"
1421543 [main] DEBUG o.a.h.i.c.DefaultClientConnection - Receiving response: HTTP/1.1 400 
1421543 [main] DEBUG org.apache.http.headers - << HTTP/1.1 400 
1421543 [main] DEBUG org.apache.http.headers - << Content-Type: text/plain
1421543 [main] DEBUG org.apache.http.headers - << Content-Length: 104
1421543 [main] DEBUG org.apache.http.headers - << Date: Fri, 12 Feb 2021 15:59:27 GMT
1421543 [main] DEBUG org.apache.http.headers - << Connection: close
1421543 [main] DEBUG org.apache.http.wire -  << "parameter(s) passed in is(are) not enough, isrc, title, description and released year must not be empty!"
1421543 [main] DEBUG o.a.h.i.c.BasicClientConnectionManager - Releasing connection org.apache.http.impl.conn.ManagedClientConnectionImpl@957e06
1421543 [main] DEBUG o.a.h.i.c.DefaultClientConnection - Connection 0.0.0.0:53362<->127.0.0.1:8080 shut down
328  [main] DEBUG o.j.r.p.providers.DocumentProvider - Unable to retrieve config: expandEntityReferences defaults to true
344  [main] DEBUG o.j.r.p.providers.DocumentProvider - Unable to retrieve config: expandEntityReferences defaults to true
12091 [main] DEBUG o.a.h.i.c.BasicClientConnectionManager - Get connection for route {}->http://localhost:8080
12107 [main] DEBUG o.a.h.i.c.DefaultClientConnectionOperator - Connecting to localhost:8080
12107 [main] DEBUG o.a.h.c.protocol.RequestAddCookies - CookieSpec selected: default
12107 [main] DEBUG o.a.h.c.protocol.RequestAuthCache - Auth cache not set in the context
12107 [main] DEBUG o.a.h.c.p.RequestTargetAuthentication - Target auth state: UNCHALLENGED
12123 [main] DEBUG o.a.h.c.p.RequestProxyAuthentication - Proxy auth state: UNCHALLENGED
12123 [main] DEBUG o.a.h.impl.client.DefaultHttpClient - Attempt 1 to execute request
12123 [main] DEBUG o.a.h.i.c.DefaultClientConnection - Sending request: POST /album/add HTTP/1.1
12123 [main] DEBUG org.apache.http.wire -  >> "POST /album/add HTTP/1.1[\r][\n]"
12123 [main] DEBUG org.apache.http.wire -  >> "Content-Type: application/x-www-form-urlencoded[\r][\n]"
12123 [main] DEBUG org.apache.http.wire -  >> "Accept-Encoding: gzip, deflate[\r][\n]"
12123 [main] DEBUG org.apache.http.wire -  >> "Accept: text/plain[\r][\n]"
12123 [main] DEBUG org.apache.http.wire -  >> "Content-Length: 47[\r][\n]"
12123 [main] DEBUG org.apache.http.wire -  >> "Host: localhost:8080[\r][\n]"
12123 [main] DEBUG org.apache.http.wire -  >> "Connection: Keep-Alive[\r][\n]"
12123 [main] DEBUG org.apache.http.wire -  >> "User-Agent: Apache-HttpClient/4.5.13 (Java/1.8.0_271)[\r][\n]"
12123 [main] DEBUG org.apache.http.wire -  >> "[\r][\n]"
12123 [main] DEBUG org.apache.http.headers - >> POST /album/add HTTP/1.1
12123 [main] DEBUG org.apache.http.headers - >> Content-Type: application/x-www-form-urlencoded
12123 [main] DEBUG org.apache.http.headers - >> Accept-Encoding: gzip, deflate
12123 [main] DEBUG org.apache.http.headers - >> Accept: text/plain
12123 [main] DEBUG org.apache.http.headers - >> Content-Length: 47
12123 [main] DEBUG org.apache.http.headers - >> Host: localhost:8080
12123 [main] DEBUG org.apache.http.headers - >> Connection: Keep-Alive
12123 [main] DEBUG org.apache.http.headers - >> User-Agent: Apache-HttpClient/4.5.13 (Java/1.8.0_271)
12123 [main] DEBUG org.apache.http.wire -  >> "description=1&released_year=2000&isrc=1&title=1"
12919 [main] DEBUG org.apache.http.wire -  << "HTTP/1.1 201 [\r][\n]"
12935 [main] DEBUG org.apache.http.wire -  << "Content-Type: text/plain[\r][\n]"
12935 [main] DEBUG org.apache.http.wire -  << "Content-Length: 170[\r][\n]"
12935 [main] DEBUG org.apache.http.wire -  << "Date: Fri, 12 Feb 2021 16:03:52 GMT[\r][\n]"
12935 [main] DEBUG org.apache.http.wire -  << "Keep-Alive: timeout=60[\r][\n]"
12935 [main] DEBUG org.apache.http.wire -  << "Connection: keep-alive[\r][\n]"
12935 [main] DEBUG org.apache.http.wire -  << "[\r][\n]"
12935 [main] DEBUG o.a.h.i.c.DefaultClientConnection - Receiving response: HTTP/1.1 201 
12935 [main] DEBUG org.apache.http.headers - << HTTP/1.1 201 
12935 [main] DEBUG org.apache.http.headers - << Content-Type: text/plain
12935 [main] DEBUG org.apache.http.headers - << Content-Length: 170
12935 [main] DEBUG org.apache.http.headers - << Date: Fri, 12 Feb 2021 16:03:52 GMT
12935 [main] DEBUG org.apache.http.headers - << Keep-Alive: timeout=60
12935 [main] DEBUG org.apache.http.headers - << Connection: keep-alive
12935 [main] DEBUG o.a.h.impl.client.DefaultHttpClient - Connection can be kept alive for 60000 MILLISECONDS
12951 [main] DEBUG org.apache.http.wire -  << "Album{id=15, ISRC='1', title='1', description='1', released_year=2000, artist=Artist{id=1, nickname='unknown artist', firstname='', lastname='', biography='', albums=[]}}"
12951 [main] DEBUG o.a.h.i.c.BasicClientConnectionManager - Releasing connection org.apache.http.impl.conn.ManagedClientConnectionImpl@625732
12951 [main] DEBUG o.a.h.i.c.BasicClientConnectionManager - Connection can be kept alive for 60000 MILLISECONDS
